<?xml version="1.0" encoding="utf-8"?>
<CoverageSession xmlns:xsd="http://www.w3.org/2001/XMLSchema" xmlns:xsi="http://www.w3.org/2001/XMLSchema-instance" Version="0.0.0.0">
  <Summary numSequencePoints="447" visitedSequencePoints="445" numBranchPoints="0" visitedBranchPoints="0" sequenceCoverage="99.55" branchCoverage="0.0" maxCyclomaticComplexity="0" minCyclomaticComplexity="0" maxCrapScore="0" minCrapScore="0" visitedClasses="22" numClasses="22" visitedMethods="103" numMethods="103" />
  <Modules>
    <Module>
      <Summary numSequencePoints="133" visitedSequencePoints="131" numBranchPoints="0" visitedBranchPoints="0" sequenceCoverage="98.50" branchCoverage="0.0" maxCyclomaticComplexity="0" minCyclomaticComplexity="0" maxCrapScore="0" minCrapScore="0" visitedClasses="11" numClasses="11" visitedMethods="32" numMethods="32" />
      <ModuleTime>0001-01-01T00:00:00</ModuleTime>
      <ModuleName>GameAssembly</ModuleName>
      <Files>
        <File uid="1" fullPath="C:/Users/matth/OneDrive/Documents/GitHub/Group-project/Assets/Scripts/CoyoteTimeHandler.cs" />
        <File uid="2" fullPath="C:/Users/matth/OneDrive/Documents/GitHub/Group-project/Assets/Scripts/MoveCamera.cs" />
        <File uid="3" fullPath="C:/Users/matth/OneDrive/Documents/GitHub/Group-project/Assets/Scripts/MovementCommand/DashCommand.cs" />
        <File uid="4" fullPath="C:/Users/matth/OneDrive/Documents/GitHub/Group-project/Assets/Scripts/MovementCommand/JumpCommand.cs" />
        <File uid="5" fullPath="C:/Users/matth/OneDrive/Documents/GitHub/Group-project/Assets/Scripts/MovementState/AirborneState.cs" />
        <File uid="6" fullPath="C:/Users/matth/OneDrive/Documents/GitHub/Group-project/Assets/Scripts/MovementState/DashingState.cs" />
        <File uid="7" fullPath="C:/Users/matth/OneDrive/Documents/GitHub/Group-project/Assets/Scripts/MovementState/GroundedState.cs" />
        <File uid="8" fullPath="C:/Users/matth/OneDrive/Documents/GitHub/Group-project/Assets/Scripts/MovementState/SlidingState.cs" />
        <File uid="9" fullPath="C:/Users/matth/OneDrive/Documents/GitHub/Group-project/Assets/Scripts/MovementStrategy/AirborneMovementStrategy.cs" />
        <File uid="10" fullPath="C:/Users/matth/OneDrive/Documents/GitHub/Group-project/Assets/Scripts/MovementStrategy/DashingMovementStrategy.cs" />
        <File uid="11" fullPath="C:/Users/matth/OneDrive/Documents/GitHub/Group-project/Assets/Scripts/MovementStrategy/GroundJumpStrategy.cs" />
        <File uid="12" fullPath="C:/Users/matth/OneDrive/Documents/GitHub/Group-project/Assets/Scripts/MovementStrategy/GroundedMovementStrategy.cs" />
        <File uid="13" fullPath="C:/Users/matth/OneDrive/Documents/GitHub/Group-project/Assets/Scripts/MovementStrategy/SlidingMovementStrategy.cs" />
        <File uid="14" fullPath="C:/Users/matth/OneDrive/Documents/GitHub/Group-project/Assets/Scripts/MovementStrategy/WallJumpStrategy.cs" />
        <File uid="15" fullPath="C:/Users/matth/OneDrive/Documents/GitHub/Group-project/Assets/Scripts/PlayerCam.cs" />
        <File uid="16" fullPath="C:/Users/matth/OneDrive/Documents/GitHub/Group-project/Assets/Scripts/PlayerMovement.cs" />
        <File uid="17" fullPath="C:/Users/matth/OneDrive/Documents/GitHub/Group-project/Assets/Scripts/PlayerMovementContext.cs" />
      </Files>
      <Classes>
        <Class>
          <Summary numSequencePoints="10" visitedSequencePoints="10" numBranchPoints="0" visitedBranchPoints="0" sequenceCoverage="100.0" branchCoverage="0.0" maxCyclomaticComplexity="0" minCyclomaticComplexity="0" maxCrapScore="0" minCrapScore="0" visitedClasses="1" numClasses="1" visitedMethods="5" numMethods="5" />
          <FullName>DashCommand</FullName>
          <Methods>
            <Method visited="true" cyclomaticComplexity="0" nPathComplexity="0" sequenceCoverage="100.0" branchCoverage="0" crapScore="0" isConstructor="false" isStatic="false" isGetter="true" isSetter="false">
              <Summary numSequencePoints="1" visitedSequencePoints="1" numBranchPoints="0" visitedBranchPoints="0" sequenceCoverage="100.0" branchCoverage="0" maxCyclomaticComplexity="0" minCyclomaticComplexity="0" maxCrapScore="0" minCrapScore="0" visitedClasses="0" numClasses="0" visitedMethods="1" numMethods="1" />
              <MetadataToken>100663312</MetadataToken>
              <Name>System.Single DashCommand::get_bufferTime()</Name>
              <FileRef uid="3" />
              <SequencePoints>
                <SequencePoint vc="1" uspid="756" ordinal="0" offset="0" sl="5" sc="32" el="5" ec="32" bec="0" bev="0" fileid="3" />
              </SequencePoints>
              <BranchPoints />
            </Method>
            <Method visited="true" cyclomaticComplexity="0" nPathComplexity="0" sequenceCoverage="100.0" branchCoverage="0" crapScore="0" isConstructor="false" isStatic="false" isGetter="true" isSetter="false">
              <Summary numSequencePoints="1" visitedSequencePoints="1" numBranchPoints="0" visitedBranchPoints="0" sequenceCoverage="100.0" branchCoverage="0" maxCyclomaticComplexity="0" minCyclomaticComplexity="0" maxCrapScore="0" minCrapScore="0" visitedClasses="0" numClasses="0" visitedMethods="1" numMethods="1" />
              <MetadataToken>100663313</MetadataToken>
              <Name>System.Single DashCommand::get_timeQueued()</Name>
              <FileRef uid="3" />
              <SequencePoints>
                <SequencePoint vc="1" uspid="757" ordinal="0" offset="0" sl="6" sc="31" el="6" ec="31" bec="0" bev="0" fileid="3" />
              </SequencePoints>
              <BranchPoints />
            </Method>
            <Method visited="true" cyclomaticComplexity="0" nPathComplexity="0" sequenceCoverage="100.0" branchCoverage="0" crapScore="0" isConstructor="false" isStatic="false" isGetter="false" isSetter="true">
              <Summary numSequencePoints="1" visitedSequencePoints="1" numBranchPoints="0" visitedBranchPoints="0" sequenceCoverage="100.0" branchCoverage="0" maxCyclomaticComplexity="0" minCyclomaticComplexity="0" maxCrapScore="0" minCrapScore="0" visitedClasses="0" numClasses="0" visitedMethods="1" numMethods="1" />
              <MetadataToken>100663314</MetadataToken>
              <Name>System.Void DashCommand::set_timeQueued(System.Single)</Name>
              <FileRef uid="3" />
              <SequencePoints>
                <SequencePoint vc="1" uspid="758" ordinal="0" offset="0" sl="6" sc="36" el="6" ec="36" bec="0" bev="0" fileid="3" />
              </SequencePoints>
              <BranchPoints />
            </Method>
            <Method visited="true" cyclomaticComplexity="0" nPathComplexity="0" sequenceCoverage="100.0" branchCoverage="0" crapScore="0" isConstructor="false" isStatic="false" isGetter="false" isSetter="false">
              <Summary numSequencePoints="3" visitedSequencePoints="3" numBranchPoints="0" visitedBranchPoints="0" sequenceCoverage="100.0" branchCoverage="0" maxCyclomaticComplexity="0" minCyclomaticComplexity="0" maxCrapScore="0" minCrapScore="0" visitedClasses="0" numClasses="0" visitedMethods="1" numMethods="1" />
              <MetadataToken>100663315</MetadataToken>
              <Name>System.Boolean DashCommand::CanExecute(PlayerMovementContext)</Name>
              <FileRef uid="3" />
              <SequencePoints>
                <SequencePoint vc="3" uspid="759" ordinal="0" offset="0" sl="10" sc="5" el="10" ec="5" bec="0" bev="0" fileid="3" />
                <SequencePoint vc="3" uspid="760" ordinal="0" offset="1" sl="11" sc="9" el="11" ec="9" bec="0" bev="0" fileid="3" />
                <SequencePoint vc="3" uspid="761" ordinal="0" offset="25" sl="12" sc="5" el="12" ec="5" bec="0" bev="0" fileid="3" />
              </SequencePoints>
              <BranchPoints />
            </Method>
            <Method visited="true" cyclomaticComplexity="0" nPathComplexity="0" sequenceCoverage="100.0" branchCoverage="0" crapScore="0" isConstructor="false" isStatic="false" isGetter="false" isSetter="false">
              <Summary numSequencePoints="4" visitedSequencePoints="4" numBranchPoints="0" visitedBranchPoints="0" sequenceCoverage="100.0" branchCoverage="0" maxCyclomaticComplexity="0" minCyclomaticComplexity="0" maxCrapScore="0" minCrapScore="0" visitedClasses="0" numClasses="0" visitedMethods="1" numMethods="1" />
              <MetadataToken>100663316</MetadataToken>
              <Name>System.Void DashCommand::Execute(PlayerMovementContext)</Name>
              <FileRef uid="3" />
              <SequencePoints>
                <SequencePoint vc="2" uspid="762" ordinal="0" offset="0" sl="15" sc="5" el="15" ec="5" bec="0" bev="0" fileid="3" />
                <SequencePoint vc="2" uspid="763" ordinal="0" offset="1" sl="16" sc="9" el="16" ec="9" bec="0" bev="0" fileid="3" />
                <SequencePoint vc="2" uspid="764" ordinal="0" offset="15" sl="17" sc="9" el="17" ec="9" bec="0" bev="0" fileid="3" />
                <SequencePoint vc="2" uspid="765" ordinal="0" offset="22" sl="18" sc="5" el="18" ec="5" bec="0" bev="0" fileid="3" />
              </SequencePoints>
              <BranchPoints />
            </Method>
          </Methods>
        </Class>
        <Class>
          <Summary numSequencePoints="22" visitedSequencePoints="22" numBranchPoints="0" visitedBranchPoints="0" sequenceCoverage="100.0" branchCoverage="0.0" maxCyclomaticComplexity="0" minCyclomaticComplexity="0" maxCrapScore="0" minCrapScore="0" visitedClasses="1" numClasses="1" visitedMethods="4" numMethods="4" />
          <FullName>JumpCommand</FullName>
          <Methods>
            <Method visited="true" cyclomaticComplexity="0" nPathComplexity="0" sequenceCoverage="100.0" branchCoverage="0" crapScore="0" isConstructor="false" isStatic="false" isGetter="true" isSetter="false">
              <Summary numSequencePoints="1" visitedSequencePoints="1" numBranchPoints="0" visitedBranchPoints="0" sequenceCoverage="100.0" branchCoverage="0" maxCyclomaticComplexity="0" minCyclomaticComplexity="0" maxCrapScore="0" minCrapScore="0" visitedClasses="0" numClasses="0" visitedMethods="1" numMethods="1" />
              <MetadataToken>100663323</MetadataToken>
              <Name>System.Single JumpCommand::get_bufferTime()</Name>
              <FileRef uid="4" />
              <SequencePoints>
                <SequencePoint vc="1" uspid="766" ordinal="0" offset="0" sl="5" sc="32" el="5" ec="32" bec="0" bev="0" fileid="4" />
              </SequencePoints>
              <BranchPoints />
            </Method>
            <Method visited="true" cyclomaticComplexity="0" nPathComplexity="0" sequenceCoverage="100.0" branchCoverage="0" crapScore="0" isConstructor="false" isStatic="false" isGetter="false" isSetter="false">
              <Summary numSequencePoints="3" visitedSequencePoints="3" numBranchPoints="0" visitedBranchPoints="0" sequenceCoverage="100.0" branchCoverage="0" maxCyclomaticComplexity="0" minCyclomaticComplexity="0" maxCrapScore="0" minCrapScore="0" visitedClasses="0" numClasses="0" visitedMethods="1" numMethods="1" />
              <MetadataToken>100663327</MetadataToken>
              <Name>System.Boolean JumpCommand::CanExecute(PlayerMovementContext)</Name>
              <FileRef uid="4" />
              <SequencePoints>
                <SequencePoint vc="4" uspid="769" ordinal="0" offset="0" sl="19" sc="5" el="19" ec="5" bec="0" bev="0" fileid="4" />
                <SequencePoint vc="4" uspid="770" ordinal="0" offset="1" sl="20" sc="9" el="20" ec="9" bec="0" bev="0" fileid="4" />
                <SequencePoint vc="4" uspid="771" ordinal="0" offset="44" sl="21" sc="5" el="21" ec="5" bec="0" bev="0" fileid="4" />
              </SequencePoints>
              <BranchPoints />
            </Method>
            <Method visited="true" cyclomaticComplexity="0" nPathComplexity="0" sequenceCoverage="100.0" branchCoverage="0" crapScore="0" isConstructor="false" isStatic="false" isGetter="false" isSetter="false">
              <Summary numSequencePoints="13" visitedSequencePoints="13" numBranchPoints="0" visitedBranchPoints="0" sequenceCoverage="100.0" branchCoverage="0" maxCyclomaticComplexity="0" minCyclomaticComplexity="0" maxCrapScore="0" minCrapScore="0" visitedClasses="0" numClasses="0" visitedMethods="1" numMethods="1" />
              <MetadataToken>100663328</MetadataToken>
              <Name>System.Void JumpCommand::Execute(PlayerMovementContext)</Name>
              <FileRef uid="4" />
              <SequencePoints>
                <SequencePoint vc="6" uspid="772" ordinal="0" offset="0" sl="24" sc="5" el="24" ec="5" bec="0" bev="0" fileid="4" />
                <SequencePoint vc="6" uspid="773" ordinal="0" offset="1" sl="25" sc="9" el="25" ec="9" bec="0" bev="0" fileid="4" />
                <SequencePoint vc="6" uspid="774" ordinal="0" offset="8" sl="27" sc="9" el="27" ec="9" bec="0" bev="0" fileid="4" />
                <SequencePoint vc="2" uspid="775" ordinal="0" offset="24" sl="28" sc="9" el="28" ec="9" bec="0" bev="0" fileid="4" />
                <SequencePoint vc="2" uspid="776" ordinal="0" offset="25" sl="29" sc="13" el="29" ec="13" bec="0" bev="0" fileid="4" />
                <SequencePoint vc="2" uspid="777" ordinal="0" offset="38" sl="30" sc="13" el="30" ec="13" bec="0" bev="0" fileid="4" />
                <SequencePoint vc="2" uspid="778" ordinal="0" offset="45" sl="31" sc="9" el="31" ec="9" bec="0" bev="0" fileid="4" />
                <SequencePoint vc="4" uspid="779" ordinal="0" offset="48" sl="33" sc="9" el="33" ec="9" bec="0" bev="0" fileid="4" />
                <SequencePoint vc="4" uspid="780" ordinal="0" offset="49" sl="34" sc="13" el="34" ec="13" bec="0" bev="0" fileid="4" />
                <SequencePoint vc="4" uspid="781" ordinal="0" offset="62" sl="35" sc="13" el="35" ec="13" bec="0" bev="0" fileid="4" />
                <SequencePoint vc="4" uspid="782" ordinal="0" offset="69" sl="36" sc="9" el="36" ec="9" bec="0" bev="0" fileid="4" />
                <SequencePoint vc="6" uspid="783" ordinal="0" offset="70" sl="38" sc="9" el="38" ec="9" bec="0" bev="0" fileid="4" />
                <SequencePoint vc="6" uspid="784" ordinal="0" offset="94" sl="39" sc="5" el="39" ec="5" bec="0" bev="0" fileid="4" />
              </SequencePoints>
              <BranchPoints />
            </Method>
            <Method visited="true" cyclomaticComplexity="0" nPathComplexity="0" sequenceCoverage="100.0" branchCoverage="0" crapScore="0" isConstructor="true" isStatic="false" isGetter="false" isSetter="false">
              <Summary numSequencePoints="5" visitedSequencePoints="5" numBranchPoints="0" visitedBranchPoints="0" sequenceCoverage="100.0" branchCoverage="0" maxCyclomaticComplexity="0" minCyclomaticComplexity="0" maxCrapScore="0" minCrapScore="0" visitedClasses="0" numClasses="0" visitedMethods="1" numMethods="1" />
              <MetadataToken>100663326</MetadataToken>
              <Name>JumpCommand::JumpCommand(IJumpStrategy, IJumpStrategy)</Name>
              <FileRef uid="4" />
              <SequencePoints>
                <SequencePoint vc="11" uspid="785" ordinal="0" offset="0" sl="11" sc="5" el="11" ec="5" bec="0" bev="0" fileid="4" />
                <SequencePoint vc="11" uspid="786" ordinal="0" offset="7" sl="12" sc="5" el="12" ec="5" bec="0" bev="0" fileid="4" />
                <SequencePoint vc="11" uspid="787" ordinal="0" offset="8" sl="13" sc="9" el="13" ec="9" bec="0" bev="0" fileid="4" />
                <SequencePoint vc="11" uspid="788" ordinal="0" offset="15" sl="14" sc="9" el="14" ec="9" bec="0" bev="0" fileid="4" />
                <SequencePoint vc="11" uspid="789" ordinal="0" offset="22" sl="15" sc="5" el="15" ec="5" bec="0" bev="0" fileid="4" />
              </SequencePoints>
              <BranchPoints />
            </Method>
          </Methods>
        </Class>
        <Class>
          <Summary numSequencePoints="11" visitedSequencePoints="11" numBranchPoints="0" visitedBranchPoints="0" sequenceCoverage="100.0" branchCoverage="0.0" maxCyclomaticComplexity="0" minCyclomaticComplexity="0" maxCrapScore="0" minCrapScore="0" visitedClasses="1" numClasses="1" visitedMethods="4" numMethods="4" />
          <FullName>AirborneState</FullName>
          <Methods>
            <Method visited="true" cyclomaticComplexity="0" nPathComplexity="0" sequenceCoverage="100.0" branchCoverage="0" crapScore="0" isConstructor="false" isStatic="false" isGetter="false" isSetter="false">
              <Summary numSequencePoints="4" visitedSequencePoints="4" numBranchPoints="0" visitedBranchPoints="0" sequenceCoverage="100.0" branchCoverage="0" maxCyclomaticComplexity="0" minCyclomaticComplexity="0" maxCrapScore="0" minCrapScore="0" visitedClasses="0" numClasses="0" visitedMethods="1" numMethods="1" />
              <MetadataToken>100663329</MetadataToken>
              <Name>System.Void AirborneState::Enter(PlayerMovementContext, IMovementMediator)</Name>
              <FileRef uid="5" />
              <SequencePoints>
                <SequencePoint vc="4" uspid="790" ordinal="0" offset="0" sl="10" sc="5" el="10" ec="5" bec="0" bev="0" fileid="5" />
                <SequencePoint vc="4" uspid="791" ordinal="0" offset="1" sl="11" sc="9" el="11" ec="9" bec="0" bev="0" fileid="5" />
                <SequencePoint vc="4" uspid="792" ordinal="0" offset="8" sl="12" sc="9" el="12" ec="9" bec="0" bev="0" fileid="5" />
                <SequencePoint vc="4" uspid="793" ordinal="0" offset="21" sl="13" sc="5" el="13" ec="5" bec="0" bev="0" fileid="5" />
              </SequencePoints>
              <BranchPoints />
            </Method>
            <Method visited="true" cyclomaticComplexity="0" nPathComplexity="0" sequenceCoverage="100.0" branchCoverage="0" crapScore="0" isConstructor="false" isStatic="false" isGetter="false" isSetter="false">
              <Summary numSequencePoints="2" visitedSequencePoints="2" numBranchPoints="0" visitedBranchPoints="0" sequenceCoverage="100.0" branchCoverage="0" maxCyclomaticComplexity="0" minCyclomaticComplexity="0" maxCrapScore="0" minCrapScore="0" visitedClasses="0" numClasses="0" visitedMethods="1" numMethods="1" />
              <MetadataToken>100663330</MetadataToken>
              <Name>System.Void AirborneState::Exit(PlayerMovementContext)</Name>
              <FileRef uid="5" />
              <SequencePoints>
                <SequencePoint vc="1" uspid="794" ordinal="0" offset="0" sl="15" sc="49" el="15" ec="49" bec="0" bev="0" fileid="5" />
                <SequencePoint vc="1" uspid="795" ordinal="0" offset="1" sl="15" sc="51" el="15" ec="51" bec="0" bev="0" fileid="5" />
              </SequencePoints>
              <BranchPoints />
            </Method>
            <Method visited="true" cyclomaticComplexity="0" nPathComplexity="0" sequenceCoverage="100.0" branchCoverage="0" crapScore="0" isConstructor="false" isStatic="false" isGetter="false" isSetter="false">
              <Summary numSequencePoints="4" visitedSequencePoints="4" numBranchPoints="0" visitedBranchPoints="0" sequenceCoverage="100.0" branchCoverage="0" maxCyclomaticComplexity="0" minCyclomaticComplexity="0" maxCrapScore="0" minCrapScore="0" visitedClasses="0" numClasses="0" visitedMethods="1" numMethods="1" />
              <MetadataToken>100663331</MetadataToken>
              <Name>System.Void AirborneState::Update(PlayerMovementContext)</Name>
              <FileRef uid="5" />
              <SequencePoints>
                <SequencePoint vc="2" uspid="796" ordinal="0" offset="0" sl="18" sc="5" el="18" ec="5" bec="0" bev="0" fileid="5" />
                <SequencePoint vc="2" uspid="797" ordinal="0" offset="1" sl="19" sc="9" el="19" ec="9" bec="0" bev="0" fileid="5" />
                <SequencePoint vc="1" uspid="798" ordinal="0" offset="11" sl="20" sc="13" el="20" ec="13" bec="0" bev="0" fileid="5" />
                <SequencePoint vc="2" uspid="799" ordinal="0" offset="28" sl="21" sc="5" el="21" ec="5" bec="0" bev="0" fileid="5" />
              </SequencePoints>
              <BranchPoints />
            </Method>
            <Method visited="true" cyclomaticComplexity="0" nPathComplexity="0" sequenceCoverage="100.0" branchCoverage="0" crapScore="0" isConstructor="true" isStatic="false" isGetter="false" isSetter="false">
              <Summary numSequencePoints="1" visitedSequencePoints="1" numBranchPoints="0" visitedBranchPoints="0" sequenceCoverage="100.0" branchCoverage="0" maxCyclomaticComplexity="0" minCyclomaticComplexity="0" maxCrapScore="0" minCrapScore="0" visitedClasses="0" numClasses="0" visitedMethods="1" numMethods="1" />
              <MetadataToken>100663334</MetadataToken>
              <Name>AirborneState::AirborneState()</Name>
              <FileRef uid="5" />
              <SequencePoints>
                <SequencePoint vc="9" uspid="809" ordinal="0" offset="0" sl="5" sc="5" el="5" ec="5" bec="0" bev="0" fileid="5" />
              </SequencePoints>
              <BranchPoints />
            </Method>
          </Methods>
        </Class>
        <Class>
          <Summary numSequencePoints="31" visitedSequencePoints="30" numBranchPoints="0" visitedBranchPoints="0" sequenceCoverage="96.77" branchCoverage="0.0" maxCyclomaticComplexity="0" minCyclomaticComplexity="0" maxCrapScore="0" minCrapScore="0" visitedClasses="1" numClasses="1" visitedMethods="5" numMethods="5" />
          <FullName>DashingState</FullName>
          <Methods>
            <Method visited="true" cyclomaticComplexity="0" nPathComplexity="0" sequenceCoverage="93.33" branchCoverage="0" crapScore="0" isConstructor="false" isStatic="false" isGetter="false" isSetter="false">
              <Summary numSequencePoints="15" visitedSequencePoints="14" numBranchPoints="0" visitedBranchPoints="0" sequenceCoverage="93.33" branchCoverage="0" maxCyclomaticComplexity="0" minCyclomaticComplexity="0" maxCrapScore="0" minCrapScore="0" visitedClasses="0" numClasses="0" visitedMethods="1" numMethods="1" />
              <MetadataToken>100663335</MetadataToken>
              <Name>System.Void DashingState::Enter(PlayerMovementContext, IMovementMediator)</Name>
              <FileRef uid="6" />
              <SequencePoints>
                <SequencePoint vc="7" uspid="810" ordinal="0" offset="0" sl="11" sc="5" el="11" ec="5" bec="0" bev="0" fileid="6" />
                <SequencePoint vc="7" uspid="811" ordinal="0" offset="1" sl="12" sc="9" el="12" ec="9" bec="0" bev="0" fileid="6" />
                <SequencePoint vc="7" uspid="812" ordinal="0" offset="8" sl="14" sc="9" el="14" ec="9" bec="0" bev="0" fileid="6" />
                <SequencePoint vc="7" uspid="813" ordinal="0" offset="19" sl="15" sc="9" el="15" ec="9" bec="0" bev="0" fileid="6" />
                <SequencePoint vc="7" uspid="814" ordinal="0" offset="26" sl="17" sc="9" el="17" ec="9" bec="0" bev="0" fileid="6" />
                <SequencePoint vc="7" uspid="815" ordinal="0" offset="38" sl="18" sc="9" el="18" ec="9" bec="0" bev="0" fileid="6" />
                <SequencePoint vc="7" uspid="816" ordinal="0" offset="46" sl="19" sc="9" el="19" ec="9" bec="0" bev="0" fileid="6" />
                <SequencePoint vc="7" uspid="817" ordinal="0" offset="59" sl="21" sc="9" el="21" ec="9" bec="0" bev="0" fileid="6" />
                <SequencePoint vc="7" uspid="818" ordinal="0" offset="98" sl="25" sc="9" el="25" ec="9" bec="0" bev="0" fileid="6" />
                <SequencePoint vc="7" uspid="819" ordinal="0" offset="120" sl="26" sc="13" el="26" ec="13" bec="0" bev="0" fileid="6" />
                <SequencePoint vc="0" uspid="820" ordinal="0" offset="134" sl="28" sc="13" el="28" ec="13" bec="0" bev="0" fileid="6" />
                <SequencePoint vc="7" uspid="821" ordinal="0" offset="146" sl="30" sc="9" el="30" ec="9" bec="0" bev="0" fileid="6" />
                <SequencePoint vc="1" uspid="822" ordinal="0" offset="156" sl="31" sc="13" el="31" ec="13" bec="0" bev="0" fileid="6" />
                <SequencePoint vc="7" uspid="823" ordinal="0" offset="178" sl="33" sc="9" el="33" ec="9" bec="0" bev="0" fileid="6" />
                <SequencePoint vc="7" uspid="824" ordinal="0" offset="198" sl="34" sc="5" el="34" ec="5" bec="0" bev="0" fileid="6" />
              </SequencePoints>
              <BranchPoints />
            </Method>
            <Method visited="true" cyclomaticComplexity="0" nPathComplexity="0" sequenceCoverage="100.0" branchCoverage="0" crapScore="0" isConstructor="false" isStatic="false" isGetter="false" isSetter="false">
              <Summary numSequencePoints="4" visitedSequencePoints="4" numBranchPoints="0" visitedBranchPoints="0" sequenceCoverage="100.0" branchCoverage="0" maxCyclomaticComplexity="0" minCyclomaticComplexity="0" maxCrapScore="0" minCrapScore="0" visitedClasses="0" numClasses="0" visitedMethods="1" numMethods="1" />
              <MetadataToken>100663336</MetadataToken>
              <Name>System.Void DashingState::Exit(PlayerMovementContext)</Name>
              <FileRef uid="6" />
              <SequencePoints>
                <SequencePoint vc="2" uspid="825" ordinal="0" offset="0" sl="37" sc="5" el="37" ec="5" bec="0" bev="0" fileid="6" />
                <SequencePoint vc="2" uspid="826" ordinal="0" offset="1" sl="38" sc="9" el="38" ec="9" bec="0" bev="0" fileid="6" />
                <SequencePoint vc="2" uspid="827" ordinal="0" offset="19" sl="39" sc="9" el="39" ec="9" bec="0" bev="0" fileid="6" />
                <SequencePoint vc="2" uspid="828" ordinal="0" offset="26" sl="40" sc="5" el="40" ec="5" bec="0" bev="0" fileid="6" />
              </SequencePoints>
              <BranchPoints />
            </Method>
            <Method visited="true" cyclomaticComplexity="0" nPathComplexity="0" sequenceCoverage="100.0" branchCoverage="0" crapScore="0" isConstructor="false" isStatic="false" isGetter="false" isSetter="false">
              <Summary numSequencePoints="9" visitedSequencePoints="9" numBranchPoints="0" visitedBranchPoints="0" sequenceCoverage="100.0" branchCoverage="0" maxCyclomaticComplexity="0" minCyclomaticComplexity="0" maxCrapScore="0" minCrapScore="0" visitedClasses="0" numClasses="0" visitedMethods="1" numMethods="1" />
              <MetadataToken>100663337</MetadataToken>
              <Name>System.Void DashingState::Update(PlayerMovementContext)</Name>
              <FileRef uid="6" />
              <SequencePoints>
                <SequencePoint vc="3" uspid="829" ordinal="0" offset="0" sl="43" sc="5" el="43" ec="5" bec="0" bev="0" fileid="6" />
                <SequencePoint vc="3" uspid="830" ordinal="0" offset="1" sl="44" sc="9" el="44" ec="9" bec="0" bev="0" fileid="6" />
                <SequencePoint vc="3" uspid="831" ordinal="0" offset="19" sl="45" sc="9" el="45" ec="9" bec="0" bev="0" fileid="6" />
                <SequencePoint vc="2" uspid="832" ordinal="0" offset="40" sl="46" sc="9" el="46" ec="9" bec="0" bev="0" fileid="6" />
                <SequencePoint vc="2" uspid="833" ordinal="0" offset="41" sl="47" sc="13" el="47" ec="13" bec="0" bev="0" fileid="6" />
                <SequencePoint vc="1" uspid="834" ordinal="0" offset="51" sl="48" sc="17" el="48" ec="17" bec="0" bev="0" fileid="6" />
                <SequencePoint vc="1" uspid="835" ordinal="0" offset="70" sl="50" sc="17" el="50" ec="17" bec="0" bev="0" fileid="6" />
                <SequencePoint vc="2" uspid="836" ordinal="0" offset="87" sl="51" sc="9" el="51" ec="9" bec="0" bev="0" fileid="6" />
                <SequencePoint vc="3" uspid="837" ordinal="0" offset="88" sl="52" sc="5" el="52" ec="5" bec="0" bev="0" fileid="6" />
              </SequencePoints>
              <BranchPoints />
            </Method>
            <Method visited="true" cyclomaticComplexity="0" nPathComplexity="0" sequenceCoverage="100.0" branchCoverage="0" crapScore="0" isConstructor="false" isStatic="false" isGetter="false" isSetter="false">
              <Summary numSequencePoints="2" visitedSequencePoints="2" numBranchPoints="0" visitedBranchPoints="0" sequenceCoverage="100.0" branchCoverage="0" maxCyclomaticComplexity="0" minCyclomaticComplexity="0" maxCrapScore="0" minCrapScore="0" visitedClasses="0" numClasses="0" visitedMethods="1" numMethods="1" />
              <MetadataToken>100663338</MetadataToken>
              <Name>System.Void DashingState::FixedUpdate(PlayerMovementContext)</Name>
              <FileRef uid="6" />
              <SequencePoints>
                <SequencePoint vc="1" uspid="838" ordinal="0" offset="0" sl="53" sc="56" el="53" ec="56" bec="0" bev="0" fileid="6" />
                <SequencePoint vc="1" uspid="839" ordinal="0" offset="1" sl="53" sc="58" el="53" ec="58" bec="0" bev="0" fileid="6" />
              </SequencePoints>
              <BranchPoints />
            </Method>
            <Method visited="true" cyclomaticComplexity="0" nPathComplexity="0" sequenceCoverage="100.0" branchCoverage="0" crapScore="0" isConstructor="true" isStatic="false" isGetter="false" isSetter="false">
              <Summary numSequencePoints="1" visitedSequencePoints="1" numBranchPoints="0" visitedBranchPoints="0" sequenceCoverage="100.0" branchCoverage="0" maxCyclomaticComplexity="0" minCyclomaticComplexity="0" maxCrapScore="0" minCrapScore="0" visitedClasses="0" numClasses="0" visitedMethods="1" numMethods="1" />
              <MetadataToken>100663339</MetadataToken>
              <Name>DashingState::DashingState()</Name>
              <FileRef uid="6" />
              <SequencePoints>
                <SequencePoint vc="7" uspid="840" ordinal="0" offset="0" sl="5" sc="5" el="5" ec="5" bec="0" bev="0" fileid="6" />
              </SequencePoints>
              <BranchPoints />
            </Method>
          </Methods>
        </Class>
        <Class>
          <Summary numSequencePoints="16" visitedSequencePoints="16" numBranchPoints="0" visitedBranchPoints="0" sequenceCoverage="100.0" branchCoverage="0.0" maxCyclomaticComplexity="0" minCyclomaticComplexity="0" maxCrapScore="0" minCrapScore="0" visitedClasses="1" numClasses="1" visitedMethods="4" numMethods="4" />
          <FullName>GroundedState</FullName>
          <Methods>
            <Method visited="true" cyclomaticComplexity="0" nPathComplexity="0" sequenceCoverage="100.0" branchCoverage="0" crapScore="0" isConstructor="false" isStatic="false" isGetter="false" isSetter="false">
              <Summary numSequencePoints="5" visitedSequencePoints="5" numBranchPoints="0" visitedBranchPoints="0" sequenceCoverage="100.0" branchCoverage="0" maxCyclomaticComplexity="0" minCyclomaticComplexity="0" maxCrapScore="0" minCrapScore="0" visitedClasses="0" numClasses="0" visitedMethods="1" numMethods="1" />
              <MetadataToken>100663340</MetadataToken>
              <Name>System.Void GroundedState::Enter(PlayerMovementContext, IMovementMediator)</Name>
              <FileRef uid="7" />
              <SequencePoints>
                <SequencePoint vc="7" uspid="841" ordinal="0" offset="0" sl="10" sc="5" el="10" ec="5" bec="0" bev="0" fileid="7" />
                <SequencePoint vc="7" uspid="842" ordinal="0" offset="1" sl="11" sc="9" el="11" ec="9" bec="0" bev="0" fileid="7" />
                <SequencePoint vc="7" uspid="843" ordinal="0" offset="8" sl="12" sc="9" el="12" ec="9" bec="0" bev="0" fileid="7" />
                <SequencePoint vc="7" uspid="844" ordinal="0" offset="21" sl="13" sc="9" el="13" ec="9" bec="0" bev="0" fileid="7" />
                <SequencePoint vc="7" uspid="845" ordinal="0" offset="36" sl="14" sc="5" el="14" ec="5" bec="0" bev="0" fileid="7" />
              </SequencePoints>
              <BranchPoints />
            </Method>
            <Method visited="true" cyclomaticComplexity="0" nPathComplexity="0" sequenceCoverage="100.0" branchCoverage="0" crapScore="0" isConstructor="false" isStatic="false" isGetter="false" isSetter="false">
              <Summary numSequencePoints="2" visitedSequencePoints="2" numBranchPoints="0" visitedBranchPoints="0" sequenceCoverage="100.0" branchCoverage="0" maxCyclomaticComplexity="0" minCyclomaticComplexity="0" maxCrapScore="0" minCrapScore="0" visitedClasses="0" numClasses="0" visitedMethods="1" numMethods="1" />
              <MetadataToken>100663341</MetadataToken>
              <Name>System.Void GroundedState::Exit(PlayerMovementContext)</Name>
              <FileRef uid="7" />
              <SequencePoints>
                <SequencePoint vc="1" uspid="846" ordinal="0" offset="0" sl="16" sc="49" el="16" ec="49" bec="0" bev="0" fileid="7" />
                <SequencePoint vc="1" uspid="847" ordinal="0" offset="1" sl="16" sc="51" el="16" ec="51" bec="0" bev="0" fileid="7" />
              </SequencePoints>
              <BranchPoints />
            </Method>
            <Method visited="true" cyclomaticComplexity="0" nPathComplexity="0" sequenceCoverage="100.0" branchCoverage="0" crapScore="0" isConstructor="false" isStatic="false" isGetter="false" isSetter="false">
              <Summary numSequencePoints="8" visitedSequencePoints="8" numBranchPoints="0" visitedBranchPoints="0" sequenceCoverage="100.0" branchCoverage="0" maxCyclomaticComplexity="0" minCyclomaticComplexity="0" maxCrapScore="0" minCrapScore="0" visitedClasses="0" numClasses="0" visitedMethods="1" numMethods="1" />
              <MetadataToken>100663342</MetadataToken>
              <Name>System.Void GroundedState::Update(PlayerMovementContext)</Name>
              <FileRef uid="7" />
              <SequencePoints>
                <SequencePoint vc="4" uspid="848" ordinal="0" offset="0" sl="17" sc="51" el="17" ec="51" bec="0" bev="0" fileid="7" />
                <SequencePoint vc="4" uspid="849" ordinal="0" offset="1" sl="18" sc="9" el="18" ec="9" bec="0" bev="0" fileid="7" />
                <SequencePoint vc="1" uspid="850" ordinal="0" offset="22" sl="19" sc="13" el="19" ec="13" bec="0" bev="0" fileid="7" />
                <SequencePoint vc="3" uspid="851" ordinal="0" offset="41" sl="20" sc="14" el="20" ec="14" bec="0" bev="0" fileid="7" />
                <SequencePoint vc="1" uspid="852" ordinal="0" offset="51" sl="21" sc="29" el="21" ec="29" bec="0" bev="0" fileid="7" />
                <SequencePoint vc="2" uspid="853" ordinal="0" offset="70" sl="22" sc="14" el="22" ec="14" bec="0" bev="0" fileid="7" />
                <SequencePoint vc="1" uspid="854" ordinal="0" offset="83" sl="23" sc="29" el="23" ec="29" bec="0" bev="0" fileid="7" />
                <SequencePoint vc="4" uspid="855" ordinal="0" offset="100" sl="24" sc="5" el="24" ec="5" bec="0" bev="0" fileid="7" />
              </SequencePoints>
              <BranchPoints />
            </Method>
            <Method visited="true" cyclomaticComplexity="0" nPathComplexity="0" sequenceCoverage="100.0" branchCoverage="0" crapScore="0" isConstructor="true" isStatic="false" isGetter="false" isSetter="false">
              <Summary numSequencePoints="1" visitedSequencePoints="1" numBranchPoints="0" visitedBranchPoints="0" sequenceCoverage="100.0" branchCoverage="0" maxCyclomaticComplexity="0" minCyclomaticComplexity="0" maxCrapScore="0" minCrapScore="0" visitedClasses="0" numClasses="0" visitedMethods="1" numMethods="1" />
              <MetadataToken>100663345</MetadataToken>
              <Name>GroundedState::GroundedState()</Name>
              <FileRef uid="7" />
              <SequencePoints>
                <SequencePoint vc="10" uspid="872" ordinal="0" offset="0" sl="5" sc="5" el="5" ec="5" bec="0" bev="0" fileid="7" />
              </SequencePoints>
              <BranchPoints />
            </Method>
          </Methods>
        </Class>
        <Class>
          <Summary numSequencePoints="13" visitedSequencePoints="13" numBranchPoints="0" visitedBranchPoints="0" sequenceCoverage="100.0" branchCoverage="0.0" maxCyclomaticComplexity="0" minCyclomaticComplexity="0" maxCrapScore="0" minCrapScore="0" visitedClasses="1" numClasses="1" visitedMethods="3" numMethods="3" />
          <FullName>SlidingState</FullName>
          <Methods>
            <Method visited="true" cyclomaticComplexity="0" nPathComplexity="0" sequenceCoverage="100.0" branchCoverage="0" crapScore="0" isConstructor="false" isStatic="false" isGetter="false" isSetter="false">
              <Summary numSequencePoints="4" visitedSequencePoints="4" numBranchPoints="0" visitedBranchPoints="0" sequenceCoverage="100.0" branchCoverage="0" maxCyclomaticComplexity="0" minCyclomaticComplexity="0" maxCrapScore="0" minCrapScore="0" visitedClasses="0" numClasses="0" visitedMethods="1" numMethods="1" />
              <MetadataToken>100663350</MetadataToken>
              <Name>System.Void SlidingState::Enter(PlayerMovementContext, IMovementMediator)</Name>
              <FileRef uid="8" />
              <SequencePoints>
                <SequencePoint vc="5" uspid="873" ordinal="0" offset="0" sl="9" sc="5" el="9" ec="5" bec="0" bev="0" fileid="8" />
                <SequencePoint vc="5" uspid="874" ordinal="0" offset="1" sl="10" sc="9" el="10" ec="9" bec="0" bev="0" fileid="8" />
                <SequencePoint vc="5" uspid="875" ordinal="0" offset="8" sl="11" sc="9" el="11" ec="9" bec="0" bev="0" fileid="8" />
                <SequencePoint vc="5" uspid="876" ordinal="0" offset="21" sl="12" sc="5" el="12" ec="5" bec="0" bev="0" fileid="8" />
              </SequencePoints>
              <BranchPoints />
            </Method>
            <Method visited="true" cyclomaticComplexity="0" nPathComplexity="0" sequenceCoverage="100.0" branchCoverage="0" crapScore="0" isConstructor="false" isStatic="false" isGetter="false" isSetter="false">
              <Summary numSequencePoints="8" visitedSequencePoints="8" numBranchPoints="0" visitedBranchPoints="0" sequenceCoverage="100.0" branchCoverage="0" maxCyclomaticComplexity="0" minCyclomaticComplexity="0" maxCrapScore="0" minCrapScore="0" visitedClasses="0" numClasses="0" visitedMethods="1" numMethods="1" />
              <MetadataToken>100663352</MetadataToken>
              <Name>System.Void SlidingState::Update(PlayerMovementContext)</Name>
              <FileRef uid="8" />
              <SequencePoints>
                <SequencePoint vc="4" uspid="879" ordinal="0" offset="0" sl="15" sc="5" el="15" ec="5" bec="0" bev="0" fileid="8" />
                <SequencePoint vc="4" uspid="880" ordinal="0" offset="1" sl="16" sc="9" el="16" ec="9" bec="0" bev="0" fileid="8" />
                <SequencePoint vc="1" uspid="881" ordinal="0" offset="11" sl="17" sc="30" el="17" ec="30" bec="0" bev="0" fileid="8" />
                <SequencePoint vc="3" uspid="882" ordinal="0" offset="30" sl="18" sc="14" el="18" ec="14" bec="0" bev="0" fileid="8" />
                <SequencePoint vc="1" uspid="883" ordinal="0" offset="43" sl="19" sc="30" el="19" ec="30" bec="0" bev="0" fileid="8" />
                <SequencePoint vc="2" uspid="884" ordinal="0" offset="62" sl="20" sc="14" el="20" ec="14" bec="0" bev="0" fileid="8" />
                <SequencePoint vc="1" uspid="885" ordinal="0" offset="75" sl="21" sc="29" el="21" ec="29" bec="0" bev="0" fileid="8" />
                <SequencePoint vc="4" uspid="886" ordinal="0" offset="92" sl="22" sc="5" el="22" ec="5" bec="0" bev="0" fileid="8" />
              </SequencePoints>
              <BranchPoints />
            </Method>
            <Method visited="true" cyclomaticComplexity="0" nPathComplexity="0" sequenceCoverage="100.0" branchCoverage="0" crapScore="0" isConstructor="true" isStatic="false" isGetter="false" isSetter="false">
              <Summary numSequencePoints="1" visitedSequencePoints="1" numBranchPoints="0" visitedBranchPoints="0" sequenceCoverage="100.0" branchCoverage="0" maxCyclomaticComplexity="0" minCyclomaticComplexity="0" maxCrapScore="0" minCrapScore="0" visitedClasses="0" numClasses="0" visitedMethods="1" numMethods="1" />
              <MetadataToken>100663355</MetadataToken>
              <Name>SlidingState::SlidingState()</Name>
              <FileRef uid="8" />
              <SequencePoints>
                <SequencePoint vc="6" uspid="904" ordinal="0" offset="0" sl="5" sc="5" el="5" ec="5" bec="0" bev="0" fileid="8" />
              </SequencePoints>
              <BranchPoints />
            </Method>
          </Methods>
        </Class>
        <Class>
          <Summary numSequencePoints="3" visitedSequencePoints="3" numBranchPoints="0" visitedBranchPoints="0" sequenceCoverage="100.0" branchCoverage="0.0" maxCyclomaticComplexity="0" minCyclomaticComplexity="0" maxCrapScore="0" minCrapScore="0" visitedClasses="1" numClasses="1" visitedMethods="1" numMethods="1" />
          <FullName>AirborneMovementStrategy</FullName>
          <Methods>
            <Method visited="true" cyclomaticComplexity="0" nPathComplexity="0" sequenceCoverage="100.0" branchCoverage="0" crapScore="0" isConstructor="false" isStatic="false" isGetter="false" isSetter="false">
              <Summary numSequencePoints="3" visitedSequencePoints="3" numBranchPoints="0" visitedBranchPoints="0" sequenceCoverage="100.0" branchCoverage="0" maxCyclomaticComplexity="0" minCyclomaticComplexity="0" maxCrapScore="0" minCrapScore="0" visitedClasses="0" numClasses="0" visitedMethods="1" numMethods="1" />
              <MetadataToken>100663358</MetadataToken>
              <Name>System.Void AirborneMovementStrategy::ApplyDrag(PlayerMovementContext)</Name>
              <FileRef uid="9" />
              <SequencePoints>
                <SequencePoint vc="4" uspid="921" ordinal="0" offset="0" sl="31" sc="5" el="31" ec="5" bec="0" bev="0" fileid="9" />
                <SequencePoint vc="4" uspid="922" ordinal="0" offset="1" sl="32" sc="9" el="32" ec="9" bec="0" bev="0" fileid="9" />
                <SequencePoint vc="4" uspid="923" ordinal="0" offset="18" sl="33" sc="5" el="33" ec="5" bec="0" bev="0" fileid="9" />
              </SequencePoints>
              <BranchPoints />
            </Method>
          </Methods>
        </Class>
        <Class>
          <Summary numSequencePoints="1" visitedSequencePoints="1" numBranchPoints="0" visitedBranchPoints="0" sequenceCoverage="100.0" branchCoverage="0.0" maxCyclomaticComplexity="0" minCyclomaticComplexity="0" maxCrapScore="0" minCrapScore="0" visitedClasses="1" numClasses="1" visitedMethods="1" numMethods="1" />
          <FullName>DashingMovementStrategy</FullName>
          <Methods>
            <Method visited="true" cyclomaticComplexity="0" nPathComplexity="0" sequenceCoverage="100.0" branchCoverage="0" crapScore="0" isConstructor="false" isStatic="false" isGetter="false" isSetter="false">
              <Summary numSequencePoints="1" visitedSequencePoints="1" numBranchPoints="0" visitedBranchPoints="0" sequenceCoverage="100.0" branchCoverage="0" maxCyclomaticComplexity="0" minCyclomaticComplexity="0" maxCrapScore="0" minCrapScore="0" visitedClasses="0" numClasses="0" visitedMethods="1" numMethods="1" />
              <MetadataToken>100663362</MetadataToken>
              <Name>System.Void DashingMovementStrategy::ApplyDrag(PlayerMovementContext)</Name>
              <FileRef uid="10" />
              <SequencePoints>
                <SequencePoint vc="7" uspid="928" ordinal="0" offset="0" sl="7" sc="57" el="7" ec="57" bec="0" bev="0" fileid="10" />
              </SequencePoints>
              <BranchPoints />
            </Method>
          </Methods>
        </Class>
        <Class>
          <Summary numSequencePoints="18" visitedSequencePoints="18" numBranchPoints="0" visitedBranchPoints="0" sequenceCoverage="100.0" branchCoverage="0.0" maxCyclomaticComplexity="0" minCyclomaticComplexity="0" maxCrapScore="0" minCrapScore="0" visitedClasses="1" numClasses="1" visitedMethods="3" numMethods="3" />
          <FullName>GroundedMovementStrategy</FullName>
          <Methods>
            <Method visited="true" cyclomaticComplexity="0" nPathComplexity="0" sequenceCoverage="100.0" branchCoverage="0" crapScore="0" isConstructor="false" isStatic="false" isGetter="false" isSetter="false">
              <Summary numSequencePoints="5" visitedSequencePoints="5" numBranchPoints="0" visitedBranchPoints="0" sequenceCoverage="100.0" branchCoverage="0" maxCyclomaticComplexity="0" minCyclomaticComplexity="0" maxCrapScore="0" minCrapScore="0" visitedClasses="0" numClasses="0" visitedMethods="1" numMethods="1" />
              <MetadataToken>100663368</MetadataToken>
              <Name>System.Void GroundedMovementStrategy::Move(PlayerMovementContext)</Name>
              <FileRef uid="12" />
              <SequencePoints>
                <SequencePoint vc="1" uspid="941" ordinal="0" offset="0" sl="7" sc="5" el="7" ec="5" bec="0" bev="0" fileid="12" />
                <SequencePoint vc="1" uspid="942" ordinal="0" offset="1" sl="8" sc="9" el="8" ec="9" bec="0" bev="0" fileid="12" />
                <SequencePoint vc="1" uspid="943" ordinal="0" offset="8" sl="9" sc="9" el="9" ec="9" bec="0" bev="0" fileid="12" />
                <SequencePoint vc="1" uspid="944" ordinal="0" offset="29" sl="10" sc="9" el="10" ec="9" bec="0" bev="0" fileid="12" />
                <SequencePoint vc="1" uspid="945" ordinal="0" offset="64" sl="11" sc="5" el="11" ec="5" bec="0" bev="0" fileid="12" />
              </SequencePoints>
              <BranchPoints />
            </Method>
            <Method visited="true" cyclomaticComplexity="0" nPathComplexity="0" sequenceCoverage="100.0" branchCoverage="0" crapScore="0" isConstructor="false" isStatic="false" isGetter="false" isSetter="false">
              <Summary numSequencePoints="3" visitedSequencePoints="3" numBranchPoints="0" visitedBranchPoints="0" sequenceCoverage="100.0" branchCoverage="0" maxCyclomaticComplexity="0" minCyclomaticComplexity="0" maxCrapScore="0" minCrapScore="0" visitedClasses="0" numClasses="0" visitedMethods="1" numMethods="1" />
              <MetadataToken>100663369</MetadataToken>
              <Name>System.Void GroundedMovementStrategy::ApplyDrag(PlayerMovementContext)</Name>
              <FileRef uid="12" />
              <SequencePoints>
                <SequencePoint vc="8" uspid="946" ordinal="0" offset="0" sl="14" sc="5" el="14" ec="5" bec="0" bev="0" fileid="12" />
                <SequencePoint vc="8" uspid="947" ordinal="0" offset="1" sl="15" sc="9" el="15" ec="9" bec="0" bev="0" fileid="12" />
                <SequencePoint vc="8" uspid="948" ordinal="0" offset="19" sl="16" sc="5" el="16" ec="5" bec="0" bev="0" fileid="12" />
              </SequencePoints>
              <BranchPoints />
            </Method>
            <Method visited="true" cyclomaticComplexity="0" nPathComplexity="0" sequenceCoverage="100.0" branchCoverage="0" crapScore="0" isConstructor="false" isStatic="false" isGetter="false" isSetter="false">
              <Summary numSequencePoints="10" visitedSequencePoints="10" numBranchPoints="0" visitedBranchPoints="0" sequenceCoverage="100.0" branchCoverage="0" maxCyclomaticComplexity="0" minCyclomaticComplexity="0" maxCrapScore="0" minCrapScore="0" visitedClasses="0" numClasses="0" visitedMethods="1" numMethods="1" />
              <MetadataToken>100663370</MetadataToken>
              <Name>System.Void GroundedMovementStrategy::SpeedControl(PlayerMovementContext)</Name>
              <FileRef uid="12" />
              <SequencePoints>
                <SequencePoint vc="3" uspid="949" ordinal="0" offset="0" sl="20" sc="5" el="20" ec="5" bec="0" bev="0" fileid="12" />
                <SequencePoint vc="3" uspid="950" ordinal="0" offset="1" sl="21" sc="9" el="21" ec="9" bec="0" bev="0" fileid="12" />
                <SequencePoint vc="3" uspid="951" ordinal="0" offset="8" sl="22" sc="9" el="22" ec="9" bec="0" bev="0" fileid="12" />
                <SequencePoint vc="3" uspid="952" ordinal="0" offset="42" sl="24" sc="9" el="24" ec="9" bec="0" bev="0" fileid="12" />
                <SequencePoint vc="2" uspid="953" ordinal="0" offset="61" sl="25" sc="9" el="25" ec="9" bec="0" bev="0" fileid="12" />
                <SequencePoint vc="2" uspid="954" ordinal="0" offset="62" sl="26" sc="13" el="26" ec="13" bec="0" bev="0" fileid="12" />
                <SequencePoint vc="2" uspid="955" ordinal="0" offset="81" sl="27" sc="13" el="27" ec="13" bec="0" bev="0" fileid="12" />
                <SequencePoint vc="2" uspid="956" ordinal="0" offset="102" sl="28" sc="13" el="28" ec="13" bec="0" bev="0" fileid="12" />
                <SequencePoint vc="2" uspid="957" ordinal="0" offset="139" sl="29" sc="9" el="29" ec="9" bec="0" bev="0" fileid="12" />
                <SequencePoint vc="3" uspid="958" ordinal="0" offset="140" sl="30" sc="5" el="30" ec="5" bec="0" bev="0" fileid="12" />
              </SequencePoints>
              <BranchPoints />
            </Method>
          </Methods>
        </Class>
        <Class>
          <Summary numSequencePoints="3" visitedSequencePoints="3" numBranchPoints="0" visitedBranchPoints="0" sequenceCoverage="100.0" branchCoverage="0.0" maxCyclomaticComplexity="0" minCyclomaticComplexity="0" maxCrapScore="0" minCrapScore="0" visitedClasses="1" numClasses="1" visitedMethods="1" numMethods="1" />
          <FullName>SlidingMovementStrategy</FullName>
          <Methods>
            <Method visited="true" cyclomaticComplexity="0" nPathComplexity="0" sequenceCoverage="100.0" branchCoverage="0" crapScore="0" isConstructor="false" isStatic="false" isGetter="false" isSetter="false">
              <Summary numSequencePoints="3" visitedSequencePoints="3" numBranchPoints="0" visitedBranchPoints="0" sequenceCoverage="100.0" branchCoverage="0" maxCyclomaticComplexity="0" minCyclomaticComplexity="0" maxCrapScore="0" minCrapScore="0" visitedClasses="0" numClasses="0" visitedMethods="1" numMethods="1" />
              <MetadataToken>100663379</MetadataToken>
              <Name>System.Void SlidingMovementStrategy::ApplyDrag(PlayerMovementContext)</Name>
              <FileRef uid="13" />
              <SequencePoints>
                <SequencePoint vc="5" uspid="975" ordinal="0" offset="0" sl="29" sc="5" el="29" ec="5" bec="0" bev="0" fileid="13" />
                <SequencePoint vc="5" uspid="976" ordinal="0" offset="1" sl="30" sc="9" el="30" ec="9" bec="0" bev="0" fileid="13" />
                <SequencePoint vc="5" uspid="977" ordinal="0" offset="19" sl="31" sc="5" el="31" ec="5" bec="0" bev="0" fileid="13" />
              </SequencePoints>
              <BranchPoints />
            </Method>
          </Methods>
        </Class>
        <Class>
          <Summary numSequencePoints="5" visitedSequencePoints="4" numBranchPoints="0" visitedBranchPoints="0" sequenceCoverage="80.00" branchCoverage="0.0" maxCyclomaticComplexity="0" minCyclomaticComplexity="0" maxCrapScore="0" minCrapScore="0" visitedClasses="1" numClasses="1" visitedMethods="1" numMethods="1" />
          <FullName>PlayerMovementContext</FullName>
          <Methods>
            <Method visited="true" cyclomaticComplexity="0" nPathComplexity="0" sequenceCoverage="80.00" branchCoverage="0" crapScore="0" isConstructor="false" isStatic="false" isGetter="false" isSetter="false">
              <Summary numSequencePoints="5" visitedSequencePoints="4" numBranchPoints="0" visitedBranchPoints="0" sequenceCoverage="80.00" branchCoverage="0" maxCyclomaticComplexity="0" minCyclomaticComplexity="0" maxCrapScore="0" minCrapScore="0" visitedClasses="0" numClasses="0" visitedMethods="1" numMethods="1" />
              <MetadataToken>100663407</MetadataToken>
              <Name>UnityEngine.Vector3 PlayerMovementContext::GetSlopeNormal()</Name>
              <FileRef uid="17" />
              <SequencePoints>
                <SequencePoint vc="2" uspid="1119" ordinal="0" offset="0" sl="45" sc="5" el="45" ec="5" bec="0" bev="0" fileid="17" />
                <SequencePoint vc="2" uspid="1120" ordinal="0" offset="1" sl="46" sc="9" el="46" ec="9" bec="0" bev="0" fileid="17" />
                <SequencePoint vc="0" uspid="1121" ordinal="0" offset="44" sl="47" sc="13" el="47" ec="13" bec="0" bev="0" fileid="17" />
                <SequencePoint vc="2" uspid="1122" ordinal="0" offset="54" sl="48" sc="9" el="48" ec="9" bec="0" bev="0" fileid="17" />
                <SequencePoint vc="2" uspid="1123" ordinal="0" offset="62" sl="49" sc="5" el="49" ec="5" bec="0" bev="0" fileid="17" />
              </SequencePoints>
              <BranchPoints />
            </Method>
          </Methods>
        </Class>
      </Classes>
    </Module>
    <Module>
      <Summary numSequencePoints="314" visitedSequencePoints="314" numBranchPoints="0" visitedBranchPoints="0" sequenceCoverage="100.0" branchCoverage="0.0" maxCyclomaticComplexity="0" minCyclomaticComplexity="0" maxCrapScore="0" minCrapScore="0" visitedClasses="11" numClasses="11" visitedMethods="71" numMethods="71" />
      <ModuleTime>0001-01-01T00:00:00</ModuleTime>
      <ModuleName>Tests</ModuleName>
      <Files>
        <File uid="18" fullPath="C:/Users/matth/OneDrive/Documents/GitHub/Group-project/Assets/Tests/AirborneStateTests.cs" />
        <File uid="19" fullPath="C:/Users/matth/OneDrive/Documents/GitHub/Group-project/Assets/Tests/DashCommandTests.cs" />
        <File uid="20" fullPath="C:/Users/matth/OneDrive/Documents/GitHub/Group-project/Assets/Tests/DashingStateTests.cs" />
        <File uid="21" fullPath="C:/Users/matth/OneDrive/Documents/GitHub/Group-project/Assets/Tests/GroundedMovementStrategyTests.cs" />
        <File uid="22" fullPath="C:/Users/matth/OneDrive/Documents/GitHub/Group-project/Assets/Tests/GroundedStateTests.cs" />
        <File uid="23" fullPath="C:/Users/matth/OneDrive/Documents/GitHub/Group-project/Assets/Tests/JumpCommandTests.cs" />
        <File uid="24" fullPath="C:/Users/matth/OneDrive/Documents/GitHub/Group-project/Assets/Tests/MockJumpStrategy.cs" />
        <File uid="25" fullPath="C:/Users/matth/OneDrive/Documents/GitHub/Group-project/Assets/Tests/MockMediator.cs" />
        <File uid="26" fullPath="C:/Users/matth/OneDrive/Documents/GitHub/Group-project/Assets/Tests/SlidingStateTests.cs" />
      </Files>
      <Classes>
        <Class>
          <Summary numSequencePoints="31" visitedSequencePoints="31" numBranchPoints="0" visitedBranchPoints="0" sequenceCoverage="100.0" branchCoverage="0.0" maxCyclomaticComplexity="0" minCyclomaticComplexity="0" maxCrapScore="0" minCrapScore="0" visitedClasses="1" numClasses="1" visitedMethods="8" numMethods="8" />
          <FullName>AirborneStateTests</FullName>
          <Methods>
            <Method visited="true" cyclomaticComplexity="0" nPathComplexity="0" sequenceCoverage="100.0" branchCoverage="0" crapScore="0" isConstructor="false" isStatic="false" isGetter="false" isSetter="false">
              <Summary numSequencePoints="7" visitedSequencePoints="7" numBranchPoints="0" visitedBranchPoints="0" sequenceCoverage="100.0" branchCoverage="0" maxCyclomaticComplexity="0" minCyclomaticComplexity="0" maxCrapScore="0" minCrapScore="0" visitedClasses="0" numClasses="0" visitedMethods="1" numMethods="1" />
              <MetadataToken>100663297</MetadataToken>
              <Name>System.Void AirborneStateTests::SetUp()</Name>
              <FileRef uid="18" />
              <SequencePoints>
                <SequencePoint vc="4" uspid="1125" ordinal="0" offset="0" sl="14" sc="5" el="14" ec="5" bec="0" bev="0" fileid="18" />
                <SequencePoint vc="4" uspid="1126" ordinal="0" offset="1" sl="15" sc="9" el="15" ec="9" bec="0" bev="0" fileid="18" />
                <SequencePoint vc="4" uspid="1127" ordinal="0" offset="12" sl="16" sc="9" el="16" ec="9" bec="0" bev="0" fileid="18" />
                <SequencePoint vc="4" uspid="1128" ordinal="0" offset="23" sl="17" sc="9" el="17" ec="9" bec="0" bev="0" fileid="18" />
                <SequencePoint vc="4" uspid="1129" ordinal="0" offset="119" sl="27" sc="9" el="27" ec="9" bec="0" bev="0" fileid="18" />
                <SequencePoint vc="4" uspid="1130" ordinal="0" offset="130" sl="28" sc="9" el="28" ec="9" bec="0" bev="0" fileid="18" />
                <SequencePoint vc="4" uspid="1131" ordinal="0" offset="141" sl="29" sc="5" el="29" ec="5" bec="0" bev="0" fileid="18" />
              </SequencePoints>
              <BranchPoints />
            </Method>
            <Method visited="true" cyclomaticComplexity="0" nPathComplexity="0" sequenceCoverage="100.0" branchCoverage="0" crapScore="0" isConstructor="false" isStatic="false" isGetter="false" isSetter="false">
              <Summary numSequencePoints="4" visitedSequencePoints="4" numBranchPoints="0" visitedBranchPoints="0" sequenceCoverage="100.0" branchCoverage="0" maxCyclomaticComplexity="0" minCyclomaticComplexity="0" maxCrapScore="0" minCrapScore="0" visitedClasses="0" numClasses="0" visitedMethods="1" numMethods="1" />
              <MetadataToken>100663298</MetadataToken>
              <Name>System.Void AirborneStateTests::TearDown()</Name>
              <FileRef uid="18" />
              <SequencePoints>
                <SequencePoint vc="4" uspid="1132" ordinal="0" offset="0" sl="33" sc="5" el="33" ec="5" bec="0" bev="0" fileid="18" />
                <SequencePoint vc="4" uspid="1133" ordinal="0" offset="1" sl="34" sc="9" el="34" ec="9" bec="0" bev="0" fileid="18" />
                <SequencePoint vc="4" uspid="1134" ordinal="0" offset="13" sl="35" sc="9" el="35" ec="9" bec="0" bev="0" fileid="18" />
                <SequencePoint vc="4" uspid="1135" ordinal="0" offset="25" sl="36" sc="5" el="36" ec="5" bec="0" bev="0" fileid="18" />
              </SequencePoints>
              <BranchPoints />
            </Method>
            <Method visited="true" cyclomaticComplexity="0" nPathComplexity="0" sequenceCoverage="100.0" branchCoverage="0" crapScore="0" isConstructor="false" isStatic="false" isGetter="false" isSetter="false">
              <Summary numSequencePoints="3" visitedSequencePoints="3" numBranchPoints="0" visitedBranchPoints="0" sequenceCoverage="100.0" branchCoverage="0" maxCyclomaticComplexity="0" minCyclomaticComplexity="0" maxCrapScore="0" minCrapScore="0" visitedClasses="0" numClasses="0" visitedMethods="1" numMethods="1" />
              <MetadataToken>100663299</MetadataToken>
              <Name>System.Void AirborneStateTests::testEnterDoesNotThrow()</Name>
              <FileRef uid="18" />
              <SequencePoints>
                <SequencePoint vc="1" uspid="1136" ordinal="0" offset="0" sl="40" sc="5" el="40" ec="5" bec="0" bev="0" fileid="18" />
                <SequencePoint vc="1" uspid="1137" ordinal="0" offset="1" sl="41" sc="9" el="41" ec="9" bec="0" bev="0" fileid="18" />
                <SequencePoint vc="1" uspid="1138" ordinal="0" offset="19" sl="42" sc="5" el="42" ec="5" bec="0" bev="0" fileid="18" />
              </SequencePoints>
              <BranchPoints />
            </Method>
            <Method visited="true" cyclomaticComplexity="0" nPathComplexity="0" sequenceCoverage="100.0" branchCoverage="0" crapScore="0" isConstructor="false" isStatic="false" isGetter="false" isSetter="false">
              <Summary numSequencePoints="6" visitedSequencePoints="6" numBranchPoints="0" visitedBranchPoints="0" sequenceCoverage="100.0" branchCoverage="0" maxCyclomaticComplexity="0" minCyclomaticComplexity="0" maxCrapScore="0" minCrapScore="0" visitedClasses="0" numClasses="0" visitedMethods="1" numMethods="1" />
              <MetadataToken>100663300</MetadataToken>
              <Name>System.Void AirborneStateTests::testUpdateWhenGroundedRequestsGroundedTransition()</Name>
              <FileRef uid="18" />
              <SequencePoints>
                <SequencePoint vc="1" uspid="1139" ordinal="0" offset="0" sl="46" sc="5" el="46" ec="5" bec="0" bev="0" fileid="18" />
                <SequencePoint vc="1" uspid="1140" ordinal="0" offset="1" sl="47" sc="9" el="47" ec="9" bec="0" bev="0" fileid="18" />
                <SequencePoint vc="1" uspid="1141" ordinal="0" offset="25" sl="48" sc="9" el="48" ec="9" bec="0" bev="0" fileid="18" />
                <SequencePoint vc="1" uspid="1142" ordinal="0" offset="37" sl="49" sc="9" el="49" ec="9" bec="0" bev="0" fileid="18" />
                <SequencePoint vc="1" uspid="1143" ordinal="0" offset="55" sl="50" sc="9" el="50" ec="9" bec="0" bev="0" fileid="18" />
                <SequencePoint vc="1" uspid="1144" ordinal="0" offset="72" sl="51" sc="5" el="51" ec="5" bec="0" bev="0" fileid="18" />
              </SequencePoints>
              <BranchPoints />
            </Method>
            <Method visited="true" cyclomaticComplexity="0" nPathComplexity="0" sequenceCoverage="100.0" branchCoverage="0" crapScore="0" isConstructor="false" isStatic="false" isGetter="false" isSetter="false">
              <Summary numSequencePoints="5" visitedSequencePoints="5" numBranchPoints="0" visitedBranchPoints="0" sequenceCoverage="100.0" branchCoverage="0" maxCyclomaticComplexity="0" minCyclomaticComplexity="0" maxCrapScore="0" minCrapScore="0" visitedClasses="0" numClasses="0" visitedMethods="1" numMethods="1" />
              <MetadataToken>100663301</MetadataToken>
              <Name>System.Void AirborneStateTests::testUpdateWhenNotGroundedNoTransitionRequested()</Name>
              <FileRef uid="18" />
              <SequencePoints>
                <SequencePoint vc="1" uspid="1145" ordinal="0" offset="0" sl="55" sc="5" el="55" ec="5" bec="0" bev="0" fileid="18" />
                <SequencePoint vc="1" uspid="1146" ordinal="0" offset="1" sl="56" sc="9" el="56" ec="9" bec="0" bev="0" fileid="18" />
                <SequencePoint vc="1" uspid="1147" ordinal="0" offset="25" sl="57" sc="9" el="57" ec="9" bec="0" bev="0" fileid="18" />
                <SequencePoint vc="1" uspid="1148" ordinal="0" offset="43" sl="58" sc="9" el="58" ec="9" bec="0" bev="0" fileid="18" />
                <SequencePoint vc="1" uspid="1149" ordinal="0" offset="71" sl="59" sc="5" el="59" ec="5" bec="0" bev="0" fileid="18" />
              </SequencePoints>
              <BranchPoints />
            </Method>
            <Method visited="true" cyclomaticComplexity="0" nPathComplexity="0" sequenceCoverage="100.0" branchCoverage="0" crapScore="0" isConstructor="false" isStatic="false" isGetter="false" isSetter="false">
              <Summary numSequencePoints="4" visitedSequencePoints="4" numBranchPoints="0" visitedBranchPoints="0" sequenceCoverage="100.0" branchCoverage="0" maxCyclomaticComplexity="0" minCyclomaticComplexity="0" maxCrapScore="0" minCrapScore="0" visitedClasses="0" numClasses="0" visitedMethods="1" numMethods="1" />
              <MetadataToken>100663302</MetadataToken>
              <Name>System.Void AirborneStateTests::testExitDoesNotThrow()</Name>
              <FileRef uid="18" />
              <SequencePoints>
                <SequencePoint vc="1" uspid="1150" ordinal="0" offset="0" sl="63" sc="5" el="63" ec="5" bec="0" bev="0" fileid="18" />
                <SequencePoint vc="1" uspid="1151" ordinal="0" offset="1" sl="64" sc="9" el="64" ec="9" bec="0" bev="0" fileid="18" />
                <SequencePoint vc="1" uspid="1152" ordinal="0" offset="25" sl="65" sc="9" el="65" ec="9" bec="0" bev="0" fileid="18" />
                <SequencePoint vc="1" uspid="1153" ordinal="0" offset="43" sl="66" sc="5" el="66" ec="5" bec="0" bev="0" fileid="18" />
              </SequencePoints>
              <BranchPoints />
            </Method>
            <Method visited="true" cyclomaticComplexity="0" nPathComplexity="0" sequenceCoverage="100.0" branchCoverage="0" crapScore="0" isConstructor="false" isStatic="false" isGetter="false" isSetter="false">
              <Summary numSequencePoints="1" visitedSequencePoints="1" numBranchPoints="0" visitedBranchPoints="0" sequenceCoverage="100.0" branchCoverage="0" maxCyclomaticComplexity="0" minCyclomaticComplexity="0" maxCrapScore="0" minCrapScore="0" visitedClasses="0" numClasses="0" visitedMethods="1" numMethods="1" />
              <MetadataToken>100663304</MetadataToken>
              <Name>System.Void AirborneStateTests::&lt;testEnterDoesNotThrow&gt;b__7_0()</Name>
              <FileRef uid="18" />
              <SequencePoints>
                <SequencePoint vc="1" uspid="1154" ordinal="0" offset="0" sl="41" sc="35" el="41" ec="35" bec="0" bev="0" fileid="18" />
              </SequencePoints>
              <BranchPoints />
            </Method>
            <Method visited="true" cyclomaticComplexity="0" nPathComplexity="0" sequenceCoverage="100.0" branchCoverage="0" crapScore="0" isConstructor="false" isStatic="false" isGetter="false" isSetter="false">
              <Summary numSequencePoints="1" visitedSequencePoints="1" numBranchPoints="0" visitedBranchPoints="0" sequenceCoverage="100.0" branchCoverage="0" maxCyclomaticComplexity="0" minCyclomaticComplexity="0" maxCrapScore="0" minCrapScore="0" visitedClasses="0" numClasses="0" visitedMethods="1" numMethods="1" />
              <MetadataToken>100663305</MetadataToken>
              <Name>System.Void AirborneStateTests::&lt;testExitDoesNotThrow&gt;b__10_0()</Name>
              <FileRef uid="18" />
              <SequencePoints>
                <SequencePoint vc="1" uspid="1155" ordinal="0" offset="0" sl="65" sc="35" el="65" ec="35" bec="0" bev="0" fileid="18" />
              </SequencePoints>
              <BranchPoints />
            </Method>
          </Methods>
        </Class>
        <Class>
          <Summary numSequencePoints="36" visitedSequencePoints="36" numBranchPoints="0" visitedBranchPoints="0" sequenceCoverage="100.0" branchCoverage="0.0" maxCyclomaticComplexity="0" minCyclomaticComplexity="0" maxCrapScore="0" minCrapScore="0" visitedClasses="1" numClasses="1" visitedMethods="9" numMethods="9" />
          <FullName>DashCommandTests</FullName>
          <Methods>
            <Method visited="true" cyclomaticComplexity="0" nPathComplexity="0" sequenceCoverage="100.0" branchCoverage="0" crapScore="0" isConstructor="false" isStatic="false" isGetter="false" isSetter="false">
              <Summary numSequencePoints="6" visitedSequencePoints="6" numBranchPoints="0" visitedBranchPoints="0" sequenceCoverage="100.0" branchCoverage="0" maxCyclomaticComplexity="0" minCyclomaticComplexity="0" maxCrapScore="0" minCrapScore="0" visitedClasses="0" numClasses="0" visitedMethods="1" numMethods="1" />
              <MetadataToken>100663306</MetadataToken>
              <Name>System.Void DashCommandTests::SetUp()</Name>
              <FileRef uid="19" />
              <SequencePoints>
                <SequencePoint vc="7" uspid="1156" ordinal="0" offset="0" sl="13" sc="5" el="13" ec="5" bec="0" bev="0" fileid="19" />
                <SequencePoint vc="7" uspid="1157" ordinal="0" offset="1" sl="14" sc="9" el="14" ec="9" bec="0" bev="0" fileid="19" />
                <SequencePoint vc="7" uspid="1158" ordinal="0" offset="12" sl="15" sc="9" el="15" ec="9" bec="0" bev="0" fileid="19" />
                <SequencePoint vc="7" uspid="1159" ordinal="0" offset="23" sl="16" sc="9" el="16" ec="9" bec="0" bev="0" fileid="19" />
                <SequencePoint vc="7" uspid="1160" ordinal="0" offset="82" sl="23" sc="9" el="23" ec="9" bec="0" bev="0" fileid="19" />
                <SequencePoint vc="7" uspid="1161" ordinal="0" offset="93" sl="24" sc="5" el="24" ec="5" bec="0" bev="0" fileid="19" />
              </SequencePoints>
              <BranchPoints />
            </Method>
            <Method visited="true" cyclomaticComplexity="0" nPathComplexity="0" sequenceCoverage="100.0" branchCoverage="0" crapScore="0" isConstructor="false" isStatic="false" isGetter="false" isSetter="false">
              <Summary numSequencePoints="4" visitedSequencePoints="4" numBranchPoints="0" visitedBranchPoints="0" sequenceCoverage="100.0" branchCoverage="0" maxCyclomaticComplexity="0" minCyclomaticComplexity="0" maxCrapScore="0" minCrapScore="0" visitedClasses="0" numClasses="0" visitedMethods="1" numMethods="1" />
              <MetadataToken>100663307</MetadataToken>
              <Name>System.Void DashCommandTests::TearDown()</Name>
              <FileRef uid="19" />
              <SequencePoints>
                <SequencePoint vc="7" uspid="1162" ordinal="0" offset="0" sl="28" sc="5" el="28" ec="5" bec="0" bev="0" fileid="19" />
                <SequencePoint vc="7" uspid="1163" ordinal="0" offset="1" sl="29" sc="9" el="29" ec="9" bec="0" bev="0" fileid="19" />
                <SequencePoint vc="7" uspid="1164" ordinal="0" offset="13" sl="30" sc="9" el="30" ec="9" bec="0" bev="0" fileid="19" />
                <SequencePoint vc="7" uspid="1165" ordinal="0" offset="25" sl="31" sc="5" el="31" ec="5" bec="0" bev="0" fileid="19" />
              </SequencePoints>
              <BranchPoints />
            </Method>
            <Method visited="true" cyclomaticComplexity="0" nPathComplexity="0" sequenceCoverage="100.0" branchCoverage="0" crapScore="0" isConstructor="false" isStatic="false" isGetter="false" isSetter="false">
              <Summary numSequencePoints="3" visitedSequencePoints="3" numBranchPoints="0" visitedBranchPoints="0" sequenceCoverage="100.0" branchCoverage="0" maxCyclomaticComplexity="0" minCyclomaticComplexity="0" maxCrapScore="0" minCrapScore="0" visitedClasses="0" numClasses="0" visitedMethods="1" numMethods="1" />
              <MetadataToken>100663308</MetadataToken>
              <Name>System.Void DashCommandTests::testBufferTimeIsZero()</Name>
              <FileRef uid="19" />
              <SequencePoints>
                <SequencePoint vc="1" uspid="1166" ordinal="0" offset="0" sl="35" sc="5" el="35" ec="5" bec="0" bev="0" fileid="19" />
                <SequencePoint vc="1" uspid="1167" ordinal="0" offset="1" sl="36" sc="9" el="36" ec="9" bec="0" bev="0" fileid="19" />
                <SequencePoint vc="1" uspid="1168" ordinal="0" offset="33" sl="37" sc="5" el="37" ec="5" bec="0" bev="0" fileid="19" />
              </SequencePoints>
              <BranchPoints />
            </Method>
            <Method visited="true" cyclomaticComplexity="0" nPathComplexity="0" sequenceCoverage="100.0" branchCoverage="0" crapScore="0" isConstructor="false" isStatic="false" isGetter="false" isSetter="false">
              <Summary numSequencePoints="3" visitedSequencePoints="3" numBranchPoints="0" visitedBranchPoints="0" sequenceCoverage="100.0" branchCoverage="0" maxCyclomaticComplexity="0" minCyclomaticComplexity="0" maxCrapScore="0" minCrapScore="0" visitedClasses="0" numClasses="0" visitedMethods="1" numMethods="1" />
              <MetadataToken>100663309</MetadataToken>
              <Name>System.Void DashCommandTests::testCanExecuteWhenDashesAvailableAndNotDashingReturnsTrue()</Name>
              <FileRef uid="19" />
              <SequencePoints>
                <SequencePoint vc="1" uspid="1169" ordinal="0" offset="0" sl="41" sc="5" el="41" ec="5" bec="0" bev="0" fileid="19" />
                <SequencePoint vc="1" uspid="1170" ordinal="0" offset="1" sl="42" sc="9" el="42" ec="9" bec="0" bev="0" fileid="19" />
                <SequencePoint vc="1" uspid="1171" ordinal="0" offset="24" sl="43" sc="5" el="43" ec="5" bec="0" bev="0" fileid="19" />
              </SequencePoints>
              <BranchPoints />
            </Method>
            <Method visited="true" cyclomaticComplexity="0" nPathComplexity="0" sequenceCoverage="100.0" branchCoverage="0" crapScore="0" isConstructor="false" isStatic="false" isGetter="false" isSetter="false">
              <Summary numSequencePoints="4" visitedSequencePoints="4" numBranchPoints="0" visitedBranchPoints="0" sequenceCoverage="100.0" branchCoverage="0" maxCyclomaticComplexity="0" minCyclomaticComplexity="0" maxCrapScore="0" minCrapScore="0" visitedClasses="0" numClasses="0" visitedMethods="1" numMethods="1" />
              <MetadataToken>100663310</MetadataToken>
              <Name>System.Void DashCommandTests::testCanExecuteWhenNoDashesRemainingReturnsFalse()</Name>
              <FileRef uid="19" />
              <SequencePoints>
                <SequencePoint vc="1" uspid="1172" ordinal="0" offset="0" sl="47" sc="5" el="47" ec="5" bec="0" bev="0" fileid="19" />
                <SequencePoint vc="1" uspid="1173" ordinal="0" offset="1" sl="48" sc="9" el="48" ec="9" bec="0" bev="0" fileid="19" />
                <SequencePoint vc="1" uspid="1174" ordinal="0" offset="13" sl="49" sc="9" el="49" ec="9" bec="0" bev="0" fileid="19" />
                <SequencePoint vc="1" uspid="1175" ordinal="0" offset="36" sl="50" sc="5" el="50" ec="5" bec="0" bev="0" fileid="19" />
              </SequencePoints>
              <BranchPoints />
            </Method>
            <Method visited="true" cyclomaticComplexity="0" nPathComplexity="0" sequenceCoverage="100.0" branchCoverage="0" crapScore="0" isConstructor="false" isStatic="false" isGetter="false" isSetter="false">
              <Summary numSequencePoints="4" visitedSequencePoints="4" numBranchPoints="0" visitedBranchPoints="0" sequenceCoverage="100.0" branchCoverage="0" maxCyclomaticComplexity="0" minCyclomaticComplexity="0" maxCrapScore="0" minCrapScore="0" visitedClasses="0" numClasses="0" visitedMethods="1" numMethods="1" />
              <MetadataToken>100663311</MetadataToken>
              <Name>System.Void DashCommandTests::testCanExecuteWhenAlreadyDashingReturnsFalse()</Name>
              <FileRef uid="19" />
              <SequencePoints>
                <SequencePoint vc="1" uspid="1176" ordinal="0" offset="0" sl="54" sc="5" el="54" ec="5" bec="0" bev="0" fileid="19" />
                <SequencePoint vc="1" uspid="1177" ordinal="0" offset="1" sl="55" sc="9" el="55" ec="9" bec="0" bev="0" fileid="19" />
                <SequencePoint vc="1" uspid="1178" ordinal="0" offset="13" sl="56" sc="9" el="56" ec="9" bec="0" bev="0" fileid="19" />
                <SequencePoint vc="1" uspid="1179" ordinal="0" offset="36" sl="57" sc="5" el="57" ec="5" bec="0" bev="0" fileid="19" />
              </SequencePoints>
              <BranchPoints />
            </Method>
            <Method visited="true" cyclomaticComplexity="0" nPathComplexity="0" sequenceCoverage="100.0" branchCoverage="0" crapScore="0" isConstructor="false" isStatic="false" isGetter="false" isSetter="false">
              <Summary numSequencePoints="4" visitedSequencePoints="4" numBranchPoints="0" visitedBranchPoints="0" sequenceCoverage="100.0" branchCoverage="0" maxCyclomaticComplexity="0" minCyclomaticComplexity="0" maxCrapScore="0" minCrapScore="0" visitedClasses="0" numClasses="0" visitedMethods="1" numMethods="1" />
              <MetadataToken>100663312</MetadataToken>
              <Name>System.Void DashCommandTests::testExecuteDecrementsDashCount()</Name>
              <FileRef uid="19" />
              <SequencePoints>
                <SequencePoint vc="1" uspid="1180" ordinal="0" offset="0" sl="61" sc="5" el="61" ec="5" bec="0" bev="0" fileid="19" />
                <SequencePoint vc="1" uspid="1181" ordinal="0" offset="1" sl="62" sc="9" el="62" ec="9" bec="0" bev="0" fileid="19" />
                <SequencePoint vc="1" uspid="1182" ordinal="0" offset="19" sl="63" sc="9" el="63" ec="9" bec="0" bev="0" fileid="19" />
                <SequencePoint vc="1" uspid="1183" ordinal="0" offset="47" sl="64" sc="5" el="64" ec="5" bec="0" bev="0" fileid="19" />
              </SequencePoints>
              <BranchPoints />
            </Method>
            <Method visited="true" cyclomaticComplexity="0" nPathComplexity="0" sequenceCoverage="100.0" branchCoverage="0" crapScore="0" isConstructor="false" isStatic="false" isGetter="false" isSetter="false">
              <Summary numSequencePoints="4" visitedSequencePoints="4" numBranchPoints="0" visitedBranchPoints="0" sequenceCoverage="100.0" branchCoverage="0" maxCyclomaticComplexity="0" minCyclomaticComplexity="0" maxCrapScore="0" minCrapScore="0" visitedClasses="0" numClasses="0" visitedMethods="1" numMethods="1" />
              <MetadataToken>100663313</MetadataToken>
              <Name>System.Void DashCommandTests::testExecuteSetsDashQueued()</Name>
              <FileRef uid="19" />
              <SequencePoints>
                <SequencePoint vc="1" uspid="1184" ordinal="0" offset="0" sl="68" sc="5" el="68" ec="5" bec="0" bev="0" fileid="19" />
                <SequencePoint vc="1" uspid="1185" ordinal="0" offset="1" sl="69" sc="9" el="69" ec="9" bec="0" bev="0" fileid="19" />
                <SequencePoint vc="1" uspid="1186" ordinal="0" offset="19" sl="70" sc="9" el="70" ec="9" bec="0" bev="0" fileid="19" />
                <SequencePoint vc="1" uspid="1187" ordinal="0" offset="36" sl="71" sc="5" el="71" ec="5" bec="0" bev="0" fileid="19" />
              </SequencePoints>
              <BranchPoints />
            </Method>
            <Method visited="true" cyclomaticComplexity="0" nPathComplexity="0" sequenceCoverage="100.0" branchCoverage="0" crapScore="0" isConstructor="false" isStatic="false" isGetter="false" isSetter="false">
              <Summary numSequencePoints="4" visitedSequencePoints="4" numBranchPoints="0" visitedBranchPoints="0" sequenceCoverage="100.0" branchCoverage="0" maxCyclomaticComplexity="0" minCyclomaticComplexity="0" maxCrapScore="0" minCrapScore="0" visitedClasses="0" numClasses="0" visitedMethods="1" numMethods="1" />
              <MetadataToken>100663314</MetadataToken>
              <Name>System.Void DashCommandTests::testTimeQueuedCanBeSetAndRead()</Name>
              <FileRef uid="19" />
              <SequencePoints>
                <SequencePoint vc="1" uspid="1188" ordinal="0" offset="0" sl="75" sc="5" el="75" ec="5" bec="0" bev="0" fileid="19" />
                <SequencePoint vc="1" uspid="1189" ordinal="0" offset="1" sl="76" sc="9" el="76" ec="9" bec="0" bev="0" fileid="19" />
                <SequencePoint vc="1" uspid="1190" ordinal="0" offset="18" sl="77" sc="9" el="77" ec="9" bec="0" bev="0" fileid="19" />
                <SequencePoint vc="1" uspid="1191" ordinal="0" offset="50" sl="78" sc="5" el="78" ec="5" bec="0" bev="0" fileid="19" />
              </SequencePoints>
              <BranchPoints />
            </Method>
          </Methods>
        </Class>
        <Class>
          <Summary numSequencePoints="50" visitedSequencePoints="50" numBranchPoints="0" visitedBranchPoints="0" sequenceCoverage="100.0" branchCoverage="0.0" maxCyclomaticComplexity="0" minCyclomaticComplexity="0" maxCrapScore="0" minCrapScore="0" visitedClasses="1" numClasses="1" visitedMethods="10" numMethods="10" />
          <FullName>DashingStateTests</FullName>
          <Methods>
            <Method visited="true" cyclomaticComplexity="0" nPathComplexity="0" sequenceCoverage="100.0" branchCoverage="0" crapScore="0" isConstructor="false" isStatic="false" isGetter="false" isSetter="false">
              <Summary numSequencePoints="7" visitedSequencePoints="7" numBranchPoints="0" visitedBranchPoints="0" sequenceCoverage="100.0" branchCoverage="0" maxCyclomaticComplexity="0" minCyclomaticComplexity="0" maxCrapScore="0" minCrapScore="0" visitedClasses="0" numClasses="0" visitedMethods="1" numMethods="1" />
              <MetadataToken>100663316</MetadataToken>
              <Name>System.Void DashingStateTests::SetUp()</Name>
              <FileRef uid="20" />
              <SequencePoints>
                <SequencePoint vc="7" uspid="1192" ordinal="0" offset="0" sl="14" sc="5" el="14" ec="5" bec="0" bev="0" fileid="20" />
                <SequencePoint vc="7" uspid="1193" ordinal="0" offset="1" sl="15" sc="9" el="15" ec="9" bec="0" bev="0" fileid="20" />
                <SequencePoint vc="7" uspid="1194" ordinal="0" offset="12" sl="16" sc="9" el="16" ec="9" bec="0" bev="0" fileid="20" />
                <SequencePoint vc="7" uspid="1195" ordinal="0" offset="23" sl="17" sc="9" el="17" ec="9" bec="0" bev="0" fileid="20" />
                <SequencePoint vc="7" uspid="1196" ordinal="0" offset="115" sl="27" sc="9" el="27" ec="9" bec="0" bev="0" fileid="20" />
                <SequencePoint vc="7" uspid="1197" ordinal="0" offset="126" sl="28" sc="9" el="28" ec="9" bec="0" bev="0" fileid="20" />
[...]
              </SequencePoints>
              <BranchPoints />
            </Method>
          </Methods>
        </Class>
        <Class>
          <Summary numSequencePoints="4" visitedSequencePoints="4" numBranchPoints="0" visitedBranchPoints="0" sequenceCoverage="100.0" branchCoverage="0.0" maxCyclomaticComplexity="0" minCyclomaticComplexity="0" maxCrapScore="0" minCrapScore="0" visitedClasses="1" numClasses="1" visitedMethods="3" numMethods="3" />
          <FullName>MockJumpStrategy</FullName>
          <Methods>
            <Method visited="true" cyclomaticComplexity="0" nPathComplexity="0" sequenceCoverage="100.0" branchCoverage="0" crapScore="0" isConstructor="false" isStatic="false" isGetter="false" isSetter="false">
              <Summary numSequencePoints="1" visitedSequencePoints="1" numBranchPoints="0" visitedBranchPoints="0" sequenceCoverage="100.0" branchCoverage="0" maxCyclomaticComplexity="0" minCyclomaticComplexity="0" maxCrapScore="0" minCrapScore="0" visitedClasses="0" numClasses="0" visitedMethods="1" numMethods="1" />
              <MetadataToken>100663361</MetadataToken>
              <Name>System.Boolean MockJumpStrategy::CanExecute(PlayerMovementContext)</Name>
              <FileRef uid="24" />
              <SequencePoints>
                <SequencePoint vc="11" uspid="1390" ordinal="0" offset="0" sl="9" sc="58" el="9" ec="58" bec="0" bev="0" fileid="24" />
              </SequencePoints>
              <BranchPoints />
            </Method>
            <Method visited="true" cyclomaticComplexity="0" nPathComplexity="0" sequenceCoverage="100.0" branchCoverage="0" crapScore="0" isConstructor="false" isStatic="false" isGetter="false" isSetter="false">
              <Summary numSequencePoints="1" visitedSequencePoints="1" numBranchPoints="0" visitedBranchPoints="0" sequenceCoverage="100.0" branchCoverage="0" maxCyclomaticComplexity="0" minCyclomaticComplexity="0" maxCrapScore="0" minCrapScore="0" visitedClasses="0" numClasses="0" visitedMethods="1" numMethods="1" />
              <MetadataToken>100663362</MetadataToken>
              <Name>System.Void MockJumpStrategy::Execute(PlayerMovementContext)</Name>
              <FileRef uid="24" />
              <SequencePoints>
                <SequencePoint vc="6" uspid="1391" ordinal="0" offset="0" sl="10" sc="55" el="10" ec="55" bec="0" bev="0" fileid="24" />
              </SequencePoints>
              <BranchPoints />
            </Method>
            <Method visited="true" cyclomaticComplexity="0" nPathComplexity="0" sequenceCoverage="100.0" branchCoverage="0" crapScore="0" isConstructor="true" isStatic="false" isGetter="false" isSetter="false">
              <Summary numSequencePoints="2" visitedSequencePoints="2" numBranchPoints="0" visitedBranchPoints="0" sequenceCoverage="100.0" branchCoverage="0" maxCyclomaticComplexity="0" minCyclomaticComplexity="0" maxCrapScore="0" minCrapScore="0" visitedClasses="0" numClasses="0" visitedMethods="1" numMethods="1" />
              <MetadataToken>100663363</MetadataToken>
              <Name>MockJumpStrategy::MockJumpStrategy()</Name>
              <FileRef uid="24" />
              <SequencePoints>
                <SequencePoint vc="22" uspid="1392" ordinal="0" offset="0" sl="6" sc="5" el="6" ec="5" bec="0" bev="0" fileid="24" />
                <SequencePoint vc="22" uspid="1393" ordinal="0" offset="7" sl="7" sc="5" el="7" ec="5" bec="0" bev="0" fileid="24" />
              </SequencePoints>
              <BranchPoints />
            </Method>
          </Methods>
        </Class>
        <Class>
          <Summary numSequencePoints="4" visitedSequencePoints="4" numBranchPoints="0" visitedBranchPoints="0" sequenceCoverage="100.0" branchCoverage="0.0" maxCyclomaticComplexity="0" minCyclomaticComplexity="0" maxCrapScore="0" minCrapScore="0" visitedClasses="1" numClasses="1" visitedMethods="1" numMethods="1" />
          <FullName>MockMediator</FullName>
          <Methods>
            <Method visited="true" cyclomaticComplexity="0" nPathComplexity="0" sequenceCoverage="100.0" branchCoverage="0" crapScore="0" isConstructor="false" isStatic="false" isGetter="false" isSetter="false">
              <Summary numSequencePoints="4" visitedSequencePoints="4" numBranchPoints="0" visitedBranchPoints="0" sequenceCoverage="100.0" branchCoverage="0" maxCyclomaticComplexity="0" minCyclomaticComplexity="0" maxCrapScore="0" minCrapScore="0" visitedClasses="0" numClasses="0" visitedMethods="1" numMethods="1" />
              <MetadataToken>100663364</MetadataToken>
              <Name>System.Void MockMediator::RequestTransition(IMovementState)</Name>
              <FileRef uid="25" />
              <SequencePoints>
                <SequencePoint vc="9" uspid="1394" ordinal="0" offset="0" sl="10" sc="5" el="10" ec="5" bec="0" bev="0" fileid="25" />
                <SequencePoint vc="9" uspid="1395" ordinal="0" offset="1" sl="11" sc="9" el="11" ec="9" bec="0" bev="0" fileid="25" />
                <SequencePoint vc="9" uspid="1396" ordinal="0" offset="8" sl="12" sc="9" el="12" ec="9" bec="0" bev="0" fileid="25" />
                <SequencePoint vc="9" uspid="1397" ordinal="0" offset="22" sl="13" sc="5" el="13" ec="5" bec="0" bev="0" fileid="25" />
              </SequencePoints>
              <BranchPoints />
            </Method>
          </Methods>
        </Class>
        <Class>
          <Summary numSequencePoints="38" visitedSequencePoints="38" numBranchPoints="0" visitedBranchPoints="0" sequenceCoverage="100.0" branchCoverage="0.0" maxCyclomaticComplexity="0" minCyclomaticComplexity="0" maxCrapScore="0" minCrapScore="0" visitedClasses="1" numClasses="1" visitedMethods="7" numMethods="7" />
          <FullName>SlidingStateTests</FullName>
          <Methods>
            <Method visited="true" cyclomaticComplexity="0" nPathComplexity="0" sequenceCoverage="100.0" branchCoverage="0" crapScore="0" isConstructor="false" isStatic="false" isGetter="false" isSetter="false">
              <Summary numSequencePoints="7" visitedSequencePoints="7" numBranchPoints="0" visitedBranchPoints="0" sequenceCoverage="100.0" branchCoverage="0" maxCyclomaticComplexity="0" minCyclomaticComplexity="0" maxCrapScore="0" minCrapScore="0" visitedClasses="0" numClasses="0" visitedMethods="1" numMethods="1" />
              <MetadataToken>100663366</MetadataToken>
              <Name>System.Void SlidingStateTests::SetUp()</Name>
              <FileRef uid="26" />
              <SequencePoints>
                <SequencePoint vc="5" uspid="1398" ordinal="0" offset="0" sl="14" sc="5" el="14" ec="5" bec="0" bev="0" fileid="26" />
                <SequencePoint vc="5" uspid="1399" ordinal="0" offset="1" sl="15" sc="9" el="15" ec="9" bec="0" bev="0" fileid="26" />
                <SequencePoint vc="5" uspid="1400" ordinal="0" offset="12" sl="16" sc="9" el="16" ec="9" bec="0" bev="0" fileid="26" />
                <SequencePoint vc="5" uspid="1401" ordinal="0" offset="23" sl="17" sc="9" el="17" ec="9" bec="0" bev="0" fileid="26" />
                <SequencePoint vc="5" uspid="1402" ordinal="0" offset="126" sl="28" sc="9" el="28" ec="9" bec="0" bev="0" fileid="26" />
                <SequencePoint vc="5" uspid="1403" ordinal="0" offset="137" sl="29" sc="9" el="29" ec="9" bec="0" bev="0" fileid="26" />
                <SequencePoint vc="5" uspid="1404" ordinal="0" offset="148" sl="30" sc="5" el="30" ec="5" bec="0" bev="0" fileid="26" />
              </SequencePoints>
              <BranchPoints />
            </Method>
            <Method visited="true" cyclomaticComplexity="0" nPathComplexity="0" sequenceCoverage="100.0" branchCoverage="0" crapScore="0" isConstructor="false" isStatic="false" isGetter="false" isSetter="false">
              <Summary numSequencePoints="4" visitedSequencePoints="4" numBranchPoints="0" visitedBranchPoints="0" sequenceCoverage="100.0" branchCoverage="0" maxCyclomaticComplexity="0" minCyclomaticComplexity="0" maxCrapScore="0" minCrapScore="0" visitedClasses="0" numClasses="0" visitedMethods="1" numMethods="1" />
              <MetadataToken>100663367</MetadataToken>
              <Name>System.Void SlidingStateTests::TearDown()</Name>
              <FileRef uid="26" />
              <SequencePoints>
                <SequencePoint vc="5" uspid="1405" ordinal="0" offset="0" sl="34" sc="5" el="34" ec="5" bec="0" bev="0" fileid="26" />
                <SequencePoint vc="5" uspid="1406" ordinal="0" offset="1" sl="35" sc="9" el="35" ec="9" bec="0" bev="0" fileid="26" />
                <SequencePoint vc="5" uspid="1407" ordinal="0" offset="13" sl="36" sc="9" el="36" ec="9" bec="0" bev="0" fileid="26" />
                <SequencePoint vc="5" uspid="1408" ordinal="0" offset="25" sl="37" sc="5" el="37" ec="5" bec="0" bev="0" fileid="26" />
              </SequencePoints>
              <BranchPoints />
            </Method>
            <Method visited="true" cyclomaticComplexity="0" nPathComplexity="0" sequenceCoverage="100.0" branchCoverage="0" crapScore="0" isConstructor="false" isStatic="false" isGetter="false" isSetter="false">
              <Summary numSequencePoints="4" visitedSequencePoints="4" numBranchPoints="0" visitedBranchPoints="0" sequenceCoverage="100.0" branchCoverage="0" maxCyclomaticComplexity="0" minCyclomaticComplexity="0" maxCrapScore="0" minCrapScore="0" visitedClasses="0" numClasses="0" visitedMethods="1" numMethods="1" />
              <MetadataToken>100663368</MetadataToken>
              <Name>System.Void SlidingStateTests::testEnterSetsSlideDrag()</Name>
              <FileRef uid="26" />
              <SequencePoints>
                <SequencePoint vc="1" uspid="1409" ordinal="0" offset="0" sl="41" sc="5" el="41" ec="5" bec="0" bev="0" fileid="26" />
                <SequencePoint vc="1" uspid="1410" ordinal="0" offset="1" sl="42" sc="9" el="42" ec="9" bec="0" bev="0" fileid="26" />
                <SequencePoint vc="1" uspid="1411" ordinal="0" offset="25" sl="43" sc="9" el="43" ec="9" bec="0" bev="0" fileid="26" />
                <SequencePoint vc="1" uspid="1412" ordinal="0" offset="68" sl="44" sc="5" el="44" ec="5" bec="0" bev="0" fileid="26" />
              </SequencePoints>
              <BranchPoints />
            </Method>
            <Method visited="true" cyclomaticComplexity="0" nPathComplexity="0" sequenceCoverage="100.0" branchCoverage="0" crapScore="0" isConstructor="false" isStatic="false" isGetter="false" isSetter="false">
              <Summary numSequencePoints="6" visitedSequencePoints="6" numBranchPoints="0" visitedBranchPoints="0" sequenceCoverage="100.0" branchCoverage="0" maxCyclomaticComplexity="0" minCyclomaticComplexity="0" maxCrapScore="0" minCrapScore="0" visitedClasses="0" numClasses="0" visitedMethods="1" numMethods="1" />
              <MetadataToken>100663369</MetadataToken>
              <Name>System.Void SlidingStateTests::testUpdateWhenJumpQueuedRequestsAirborneTransition()</Name>
              <FileRef uid="26" />
              <SequencePoints>
                <SequencePoint vc="1" uspid="1413" ordinal="0" offset="0" sl="48" sc="5" el="48" ec="5" bec="0" bev="0" fileid="26" />
                <SequencePoint vc="1" uspid="1414" ordinal="0" offset="1" sl="49" sc="9" el="49" ec="9" bec="0" bev="0" fileid="26" />
                <SequencePoint vc="1" uspid="1415" ordinal="0" offset="25" sl="50" sc="9" el="50" ec="9" bec="0" bev="0" fileid="26" />
                <SequencePoint vc="1" uspid="1416" ordinal="0" offset="37" sl="51" sc="9" el="51" ec="9" bec="0" bev="0" fileid="26" />
                <SequencePoint vc="1" uspid="1417" ordinal="0" offset="55" sl="52" sc="9" el="52" ec="9" bec="0" bev="0" fileid="26" />
                <SequencePoint vc="1" uspid="1418" ordinal="0" offset="72" sl="53" sc="5" el="53" ec="5" bec="0" bev="0" fileid="26" />
              </SequencePoints>
              <BranchPoints />
            </Method>
            <Method visited="true" cyclomaticComplexity="0" nPathComplexity="0" sequenceCoverage="100.0" branchCoverage="0" crapScore="0" isConstructor="false" isStatic="false" isGetter="false" isSetter="false">
              <Summary numSequencePoints="6" visitedSequencePoints="6" numBranchPoints="0" visitedBranchPoints="0" sequenceCoverage="100.0" branchCoverage="0" maxCyclomaticComplexity="0" minCyclomaticComplexity="0" maxCrapScore="0" minCrapScore="0" visitedClasses="0" numClasses="0" visitedMethods="1" numMethods="1" />
              <MetadataToken>100663370</MetadataToken>
              <Name>System.Void SlidingStateTests::testUpdateWhenSlideReleasedRequestsGroundedTransition()</Name>
              <FileRef uid="26" />
              <SequencePoints>
                <SequencePoint vc="1" uspid="1419" ordinal="0" offset="0" sl="57" sc="5" el="57" ec="5" bec="0" bev="0" fileid="26" />
                <SequencePoint vc="1" uspid="1420" ordinal="0" offset="1" sl="58" sc="9" el="58" ec="9" bec="0" bev="0" fileid="26" />
                <SequencePoint vc="1" uspid="1421" ordinal="0" offset="25" sl="59" sc="9" el="59" ec="9" bec="0" bev="0" fileid="26" />
                <SequencePoint vc="1" uspid="1422" ordinal="0" offset="37" sl="60" sc="9" el="60" ec="9" bec="0" bev="0" fileid="26" />
                <SequencePoint vc="1" uspid="1423" ordinal="0" offset="55" sl="61" sc="9" el="61" ec="9" bec="0" bev="0" fileid="26" />
                <SequencePoint vc="1" uspid="1424" ordinal="0" offset="72" sl="62" sc="5" el="62" ec="5" bec="0" bev="0" fileid="26" />
              </SequencePoints>
              <BranchPoints />
            </Method>
            <Method visited="true" cyclomaticComplexity="0" nPathComplexity="0" sequenceCoverage="100.0" branchCoverage="0" crapScore="0" isConstructor="false" isStatic="false" isGetter="false" isSetter="false">
              <Summary numSequencePoints="6" visitedSequencePoints="6" numBranchPoints="0" visitedBranchPoints="0" sequenceCoverage="100.0" branchCoverage="0" maxCyclomaticComplexity="0" minCyclomaticComplexity="0" maxCrapScore="0" minCrapScore="0" visitedClasses="0" numClasses="0" visitedMethods="1" numMethods="1" />
              <MetadataToken>100663371</MetadataToken>
              <Name>System.Void SlidingStateTests::testUpdateWhenNotGroundedRequestsAirborneTransition()</Name>
              <FileRef uid="26" />
              <SequencePoints>
                <SequencePoint vc="1" uspid="1425" ordinal="0" offset="0" sl="66" sc="5" el="66" ec="5" bec="0" bev="0" fileid="26" />
                <SequencePoint vc="1" uspid="1426" ordinal="0" offset="1" sl="67" sc="9" el="67" ec="9" bec="0" bev="0" fileid="26" />
                <SequencePoint vc="1" uspid="1427" ordinal="0" offset="25" sl="68" sc="9" el="68" ec="9" bec="0" bev="0" fileid="26" />
                <SequencePoint vc="1" uspid="1428" ordinal="0" offset="37" sl="69" sc="9" el="69" ec="9" bec="0" bev="0" fileid="26" />
                <SequencePoint vc="1" uspid="1429" ordinal="0" offset="55" sl="70" sc="9" el="70" ec="9" bec="0" bev="0" fileid="26" />
                <SequencePoint vc="1" uspid="1430" ordinal="0" offset="72" sl="71" sc="5" el="71" ec="5" bec="0" bev="0" fileid="26" />
              </SequencePoints>
              <BranchPoints />
            </Method>
            <Method visited="true" cyclomaticComplexity="0" nPathComplexity="0" sequenceCoverage="100.0" branchCoverage="0" crapScore="0" isConstructor="false" isStatic="false" isGetter="false" isSetter="false">
              <Summary numSequencePoints="5" visitedSequencePoints="5" numBranchPoints="0" visitedBranchPoints="0" sequenceCoverage="100.0" branchCoverage="0" maxCyclomaticComplexity="0" minCyclomaticComplexity="0" maxCrapScore="0" minCrapScore="0" visitedClasses="0" numClasses="0" visitedMethods="1" numMethods="1" />
              <MetadataToken>100663372</MetadataToken>
              <Name>System.Void SlidingStateTests::testUpdateWhenGroundedAndSlidingNoTransitionRequested()</Name>
              <FileRef uid="26" />
              <SequencePoints>
                <SequencePoint vc="1" uspid="1431" ordinal="0" offset="0" sl="75" sc="5" el="75" ec="5" bec="0" bev="0" fileid="26" />
                <SequencePoint vc="1" uspid="1432" ordinal="0" offset="1" sl="76" sc="9" el="76" ec="9" bec="0" bev="0" fileid="26" />
                <SequencePoint vc="1" uspid="1433" ordinal="0" offset="25" sl="77" sc="9" el="77" ec="9" bec="0" bev="0" fileid="26" />
                <SequencePoint vc="1" uspid="1434" ordinal="0" offset="43" sl="78" sc="9" el="78" ec="9" bec="0" bev="0" fileid="26" />
                <SequencePoint vc="1" uspid="1435" ordinal="0" offset="71" sl="79" sc="5" el="79" ec="5" bec="0" bev="0" fileid="26" />
              </SequencePoints>
              <BranchPoints />
            </Method>
          </Methods>
        </Class>
        <Class>
          <Summary numSequencePoints="2" visitedSequencePoints="2" numBranchPoints="0" visitedBranchPoints="0" sequenceCoverage="100.0" branchCoverage="0.0" maxCyclomaticComplexity="0" minCyclomaticComplexity="0" maxCrapScore="0" minCrapScore="0" visitedClasses="1" numClasses="1" visitedMethods="1" numMethods="1" />
          <FullName>JumpCommandTests/&lt;&gt;c</FullName>
          <Methods>
            <Method visited="true" cyclomaticComplexity="0" nPathComplexity="0" sequenceCoverage="100.0" branchCoverage="0" crapScore="0" isConstructor="false" isStatic="false" isGetter="false" isSetter="false">
              <Summary numSequencePoints="2" visitedSequencePoints="2" numBranchPoints="0" visitedBranchPoints="0" sequenceCoverage="100.0" branchCoverage="0" maxCyclomaticComplexity="0" minCyclomaticComplexity="0" maxCrapScore="0" minCrapScore="0" visitedClasses="0" numClasses="0" visitedMethods="1" numMethods="1" />
              <MetadataToken>100663378</MetadataToken>
              <Name>System.Void JumpCommandTests/&lt;&gt;c::&lt;SetUp&gt;b__6_0(System.Single)</Name>
              <FileRef uid="23" />
              <SequencePoints>
                <SequencePoint vc="5" uspid="1436" ordinal="0" offset="0" sl="24" sc="38" el="24" ec="38" bec="0" bev="0" fileid="23" />
                <SequencePoint vc="5" uspid="1437" ordinal="0" offset="1" sl="24" sc="40" el="24" ec="40" bec="0" bev="0" fileid="23" />
              </SequencePoints>
              <BranchPoints />
            </Method>
          </Methods>
        </Class>
        <Class>
          <Summary numSequencePoints="1" visitedSequencePoints="1" numBranchPoints="0" visitedBranchPoints="0" sequenceCoverage="100.0" branchCoverage="0.0" maxCyclomaticComplexity="0" minCyclomaticComplexity="0" maxCrapScore="0" minCrapScore="0" visitedClasses="1" numClasses="1" visitedMethods="1" numMethods="1" />
          <FullName>JumpCommandTests/&lt;&gt;c__DisplayClass18_0</FullName>
          <Methods>
            <Method visited="true" cyclomaticComplexity="0" nPathComplexity="0" sequenceCoverage="100.0" branchCoverage="0" crapScore="0" isConstructor="false" isStatic="false" isGetter="false" isSetter="false">
              <Summary numSequencePoints="1" visitedSequencePoints="1" numBranchPoints="0" visitedBranchPoints="0" sequenceCoverage="100.0" branchCoverage="0" maxCyclomaticComplexity="0" minCyclomaticComplexity="0" maxCrapScore="0" minCrapScore="0" visitedClasses="0" numClasses="0" visitedMethods="1" numMethods="1" />
              <MetadataToken>100663380</MetadataToken>
              <Name>System.Void JumpCommandTests/&lt;&gt;c__DisplayClass18_0::&lt;testExecuteInvokesResetJump&gt;b__0(System.Single)</Name>
              <FileRef uid="23" />
              <SequencePoints>
                <SequencePoint vc="1" uspid="1438" ordinal="0" offset="0" sl="120" sc="38" el="120" ec="38" bec="0" bev="0" fileid="23" />
              </SequencePoints>
              <BranchPoints />
            </Method>
          </Methods>
        </Class>
      </Classes>
    </Module>
  </Modules>
</CoverageSession>